#
# There is insufficient memory for the Java Runtime Environment to continue.
# Native memory allocation (mmap) failed to map 135266304 bytes for G1 virtual space
# Possible reasons:
#   The system is out of physical RAM or swap space
#   The process is running with CompressedOops enabled, and the Java Heap may be blocking the growth of the native heap
# Possible solutions:
#   Reduce memory load on the system
#   Increase physical memory or swap space
#   Check if swap backing store is full
#   Decrease Java heap size (-Xmx/-Xms)
#   Decrease number of Java threads
#   Decrease Java thread stack sizes (-Xss)
#   Set larger code cache with -XX:ReservedCodeCacheSize=
#   JVM is running with Unscaled Compressed Oops mode in which the Java heap is
#     placed in the first 4GB address space. The Java Heap base address is the
#     maximum limit for the native heap growth. Please use -XX:HeapBaseMinAddress
#     to set the Java Heap base and to place the Java Heap above 4GB virtual address.
# This output file may be truncated or incomplete.
#
#  Out of Memory Error (os_windows.cpp:3600), pid=21424, tid=8352
#
# JRE version: Java(TM) SE Runtime Environment (21.0.1+12) (build 21.0.1+12-LTS-29)
# Java VM: Java HotSpot(TM) 64-Bit Server VM (21.0.1+12-LTS-29, mixed mode, sharing, tiered, compressed oops, compressed class ptrs, g1 gc, windows-amd64)
# No core dump will be written. Minidumps are not enabled by default on client versions of Windows
#

---------------  S U M M A R Y ------------

Command Line: -Dfile.encoding=UTF-8 --module-path=D:\Travel Managment System\build\classes travel.managment.system.Login

Host: 11th Gen Intel(R) Core(TM) i5-1135G7 @ 2.40GHz, 8 cores, 7G,  Windows 11 , 64 bit Build 22621 (10.0.22621.3527)
Time: Sat May  4 14:59:18 2024 India Standard Time elapsed time: 25.343950 seconds (0d 0h 0m 25s)

---------------  T H R E A D  ---------------

Current thread (0x00000253fec3a2a0):  VMThread "VM Thread"          [id=8352, stack(0x000000dc95d00000,0x000000dc95e00000) (1024K)]

Stack: [0x000000dc95d00000,0x000000dc95e00000]
Native frames: (J=compiled Java code, j=interpreted, Vv=VM code, C=native code)
V  [jvm.dll+0x6c9029]
V  [jvm.dll+0x854b81]
V  [jvm.dll+0x856e5e]
V  [jvm.dll+0x857543]
V  [jvm.dll+0x280c06]
V  [jvm.dll+0x6c5715]
V  [jvm.dll+0x6ba10a]
V  [jvm.dll+0x3557ea]
V  [jvm.dll+0x35d436]
V  [jvm.dll+0x3ae1be]
V  [jvm.dll+0x3ae468]
V  [jvm.dll+0x3291fc]
V  [jvm.dll+0x329287]
V  [jvm.dll+0x36db3c]
V  [jvm.dll+0x36c33d]
V  [jvm.dll+0x328971]
V  [jvm.dll+0x36ba4a]
V  [jvm.dll+0x85d048]
V  [jvm.dll+0x85e144]
V  [jvm.dll+0x85e680]
V  [jvm.dll+0x85e923]
V  [jvm.dll+0x7fd728]
V  [jvm.dll+0x6c777d]
C  [ucrtbase.dll+0x29333]
C  [KERNEL32.DLL+0x1257d]
C  [ntdll.dll+0x5aa48]

VM_Operation (0x000000dc97bfe320): G1CollectForAllocation, mode: safepoint, requested by thread 0x00000253e2602100


---------------  P R O C E S S  ---------------

Threads class SMR info:
_java_thread_list=0x000002539b613750, length=19, elements={
0x00000253fec5d6c0, 0x00000253fec5e3e0, 0x00000253fec616a0, 0x00000253fec62380,
0x00000253fec63e20, 0x00000253fec651c0, 0x00000253fec6bfb0, 0x00000253fec72ef0,
0x000002539b4cf980, 0x000002539b55a1d0, 0x000002539b749200, 0x000002539b74c330,
0x000002539b72b670, 0x00000253e1da9010, 0x00000253fb437600, 0x00000253e1bbbe30,
0x00000253fb692750, 0x00000253e2602e20, 0x00000253e2602100
}

Java Threads: ( => current thread )
  0x00000253fec5d6c0 JavaThread "Reference Handler"          daemon [_thread_blocked, id=22432, stack(0x000000dc95e00000,0x000000dc95f00000) (1024K)]
  0x00000253fec5e3e0 JavaThread "Finalizer"                  daemon [_thread_blocked, id=8688, stack(0x000000dc95f00000,0x000000dc96000000) (1024K)]
  0x00000253fec616a0 JavaThread "Signal Dispatcher"          daemon [_thread_blocked, id=19616, stack(0x000000dc96000000,0x000000dc96100000) (1024K)]
  0x00000253fec62380 JavaThread "Attach Listener"            daemon [_thread_blocked, id=20628, stack(0x000000dc96100000,0x000000dc96200000) (1024K)]
  0x00000253fec63e20 JavaThread "Service Thread"             daemon [_thread_blocked, id=16248, stack(0x000000dc96200000,0x000000dc96300000) (1024K)]
  0x00000253fec651c0 JavaThread "Monitor Deflation Thread"   daemon [_thread_blocked, id=18232, stack(0x000000dc96300000,0x000000dc96400000) (1024K)]
  0x00000253fec6bfb0 JavaThread "C2 CompilerThread0"         daemon [_thread_blocked, id=19560, stack(0x000000dc96400000,0x000000dc96500000) (1024K)]
  0x00000253fec72ef0 JavaThread "C1 CompilerThread0"         daemon [_thread_blocked, id=19324, stack(0x000000dc96500000,0x000000dc96600000) (1024K)]
  0x000002539b4cf980 JavaThread "Common-Cleaner"             daemon [_thread_blocked, id=13808, stack(0x000000dc96600000,0x000000dc96700000) (1024K)]
  0x000002539b55a1d0 JavaThread "Notification Thread"        daemon [_thread_blocked, id=21408, stack(0x000000dc96700000,0x000000dc96800000) (1024K)]
  0x000002539b749200 JavaThread "Java2D Disposer"            daemon [_thread_blocked, id=11248, stack(0x000000dc96800000,0x000000dc96900000) (1024K)]
  0x000002539b74c330 JavaThread "AWT-Shutdown"                      [_thread_blocked, id=20992, stack(0x000000dc96900000,0x000000dc96a00000) (1024K)]
  0x000002539b72b670 JavaThread "AWT-Windows"                daemon [_thread_in_native, id=17148, stack(0x000000dc96a00000,0x000000dc96b00000) (1024K)]
  0x00000253e1da9010 JavaThread "AWT-EventQueue-0"                  [_thread_blocked, id=19060, stack(0x000000dc96c00000,0x000000dc96d00000) (1024K)]
  0x00000253fb437600 JavaThread "DestroyJavaVM"                     [_thread_blocked, id=16100, stack(0x000000dc95600000,0x000000dc95700000) (1024K)]
  0x00000253e1bbbe30 JavaThread "TimerQueue"                 daemon [_thread_blocked, id=22540, stack(0x000000dc97000000,0x000000dc97100000) (1024K)]
  0x00000253fb692750 JavaThread "mysql-cj-abandoned-connection-cleanup" daemon [_thread_blocked, id=22844, stack(0x000000dc96b00000,0x000000dc96c00000) (1024K)]
  0x00000253e2602e20 JavaThread "Image Fetcher 0"            daemon [_thread_blocked, id=22872, stack(0x000000dc97800000,0x000000dc97900000) (1024K)]
  0x00000253e2602100 JavaThread "Image Fetcher 1"            daemon [_thread_blocked, id=22904, stack(0x000000dc97b00000,0x000000dc97c00000) (1024K)]
Total: 19

Other Threads:
=>0x00000253fec3a2a0 VMThread "VM Thread"                           [id=8352, stack(0x000000dc95d00000,0x000000dc95e00000) (1024K)]
  0x00000253fec21af0 WatcherThread "VM Periodic Task Thread"        [id=14656, stack(0x000000dc95c00000,0x000000dc95d00000) (1024K)]
  0x00000253fb6db4b0 WorkerThread "GC Thread#0"                     [id=5092, stack(0x000000dc95700000,0x000000dc95800000) (1024K)]
  0x00000253fec397c0 WorkerThread "GC Thread#1"                     [id=22572, stack(0x000000dc97100000,0x000000dc97200000) (1024K)]
  0x00000253fec3a9e0 WorkerThread "GC Thread#2"                     [id=22576, stack(0x000000dc97200000,0x000000dc97300000) (1024K)]
  0x00000253fec39f00 WorkerThread "GC Thread#3"                     [id=22580, stack(0x000000dc97300000,0x000000dc97400000) (1024K)]
  0x00000253fec3a640 WorkerThread "GC Thread#4"                     [id=22584, stack(0x000000dc97400000,0x000000dc97500000) (1024K)]
  0x00000253e1c6ced0 WorkerThread "GC Thread#5"                     [id=22588, stack(0x000000dc97500000,0x000000dc97600000) (1024K)]
  0x00000253e1c6cb30 WorkerThread "GC Thread#6"                     [id=22592, stack(0x000000dc97600000,0x000000dc97700000) (1024K)]
  0x00000253e1c6d9b0 WorkerThread "GC Thread#7"                     [id=22596, stack(0x000000dc97700000,0x000000dc97800000) (1024K)]
  0x00000253fb6ebf00 ConcurrentGCThread "G1 Main Marker"            [id=9068, stack(0x000000dc95800000,0x000000dc95900000) (1024K)]
  0x00000253fb6ed0a0 WorkerThread "G1 Conc#0"                       [id=20840, stack(0x000000dc95900000,0x000000dc95a00000) (1024K)]
  0x00000253e1c6e0f0 WorkerThread "G1 Conc#1"                       [id=22900, stack(0x000000dc97a00000,0x000000dc97b00000) (1024K)]
  0x00000253feaf34e0 ConcurrentGCThread "G1 Refine#0"               [id=15668, stack(0x000000dc95a00000,0x000000dc95b00000) (1024K)]
  0x00000253fb74e1f0 ConcurrentGCThread "G1 Service"                [id=12840, stack(0x000000dc95b00000,0x000000dc95c00000) (1024K)]
Total: 15

Threads with active compile tasks:
Total: 0

VM state: at safepoint (normal execution)

VM Mutex/Monitor currently owned by a thread:  ([mutex/lock_event])
[0x00007ff8eb69a5f8] Threads_lock - owner thread: 0x00000253fec3a2a0
[0x00007ff8eb69a6f8] Heap_lock - owner thread: 0x00000253e2602100

Heap address: 0x0000000083600000, size: 1994 MB, Compressed Oops mode: 32-bit

CDS archive(s) mapped at: [0x000002539c000000-0x000002539cc90000-0x000002539cc90000), size 13172736, SharedBaseAddress: 0x000002539c000000, ArchiveRelocationMode: 1.
Compressed class space mapped at: 0x000002539d000000-0x00000253dd000000, reserved size: 1073741824
Narrow klass base: 0x000002539c000000, Narrow klass shift: 0, Narrow klass range: 0x100000000

GC Precious Log:
 CardTable entry size: 512
 Card Set container configuration: InlinePtr #cards 5 size 8 Array Of Cards #cards 12 size 40 Howl #buckets 4 coarsen threshold 1843 Howl Bitmap #cards 512 size 80 coarsen threshold 460 Card regions per heap region 1 cards per card region 2048
 CPUs: 8 total, 8 available
 Memory: 7971M
 Large Page Support: Disabled
 NUMA Support: Disabled
 Compressed Oops: Enabled (32-bit)
 Heap Region Size: 1M
 Heap Min Capacity: 8M
 Heap Initial Capacity: 126M
 Heap Max Capacity: 1994M
 Pre-touch: Disabled
 Parallel Workers: 8
 Concurrent Workers: 2
 Concurrent Refinement Workers: 8
 Periodic GC: Disabled

Heap:
 garbage-first heap   total 283648K, used 223300K [0x0000000083600000, 0x0000000100000000)
  region size 1024K, 1 young (1024K), 1 survivors (1024K)
 Metaspace       used 18476K, committed 18688K, reserved 1114112K
  class space    used 1990K, committed 2112K, reserved 1048576K

Heap Regions: E=young(eden), S=young(survivor), O=old, HS=humongous(starts), HC=humongous(continues), CS=collection set, F=free, TAMS=top-at-mark-start, PB=parsable bottom
|   0|0x0000000083600000, 0x0000000083600000, 0x0000000083700000|  0%| F|  |TAMS 0x0000000083600000| PB 0x0000000083600000| Untracked 
|   1|0x0000000083700000, 0x0000000083800000, 0x0000000083800000|100%| O|  |TAMS 0x0000000083800000| PB 0x0000000083700000| Untracked 
|   2|0x0000000083800000, 0x0000000083900000, 0x0000000083900000|100%|HS|  |TAMS 0x0000000083900000| PB 0x0000000083800000| Complete 
|   3|0x0000000083900000, 0x0000000083a00000, 0x0000000083a00000|100%|HC|  |TAMS 0x0000000083a00000| PB 0x0000000083900000| Complete 
|   4|0x0000000083a00000, 0x0000000083b00000, 0x0000000083b00000|100%|HC|  |TAMS 0x0000000083b00000| PB 0x0000000083a00000| Complete 
|   5|0x0000000083b00000, 0x0000000083c00000, 0x0000000083c00000|100%|HC|  |TAMS 0x0000000083c00000| PB 0x0000000083b00000| Complete 
|   6|0x0000000083c00000, 0x0000000083d00000, 0x0000000083d00000|100%|HC|  |TAMS 0x0000000083d00000| PB 0x0000000083c00000| Complete 
|   7|0x0000000083d00000, 0x0000000083e00000, 0x0000000083e00000|100%|HC|  |TAMS 0x0000000083e00000| PB 0x0000000083d00000| Complete 
|   8|0x0000000083e00000, 0x0000000083f00000, 0x0000000083f00000|100%|HC|  |TAMS 0x0000000083f00000| PB 0x0000000083e00000| Complete 
|   9|0x0000000083f00000, 0x0000000084000000, 0x0000000084000000|100%|HC|  |TAMS 0x0000000084000000| PB 0x0000000083f00000| Complete 
|  10|0x0000000084000000, 0x0000000084100000, 0x0000000084100000|100%|HC|  |TAMS 0x0000000084100000| PB 0x0000000084000000| Complete 
|  11|0x0000000084100000, 0x0000000084200000, 0x0000000084200000|100%|HC|  |TAMS 0x0000000084200000| PB 0x0000000084100000| Complete 
|  12|0x0000000084200000, 0x0000000084300000, 0x0000000084300000|100%|HC|  |TAMS 0x0000000084300000| PB 0x0000000084200000| Complete 
|  13|0x0000000084300000, 0x0000000084400000, 0x0000000084400000|100%|HC|  |TAMS 0x0000000084400000| PB 0x0000000084300000| Complete 
|  14|0x0000000084400000, 0x0000000084500000, 0x0000000084500000|100%|HC|  |TAMS 0x0000000084500000| PB 0x0000000084400000| Complete 
|  15|0x0000000084500000, 0x0000000084600000, 0x0000000084600000|100%| O|  |TAMS 0x0000000084600000| PB 0x0000000084500000| Untracked 
|  16|0x0000000084600000, 0x0000000084700000, 0x0000000084700000|100%| O|  |TAMS 0x0000000084700000| PB 0x0000000084600000| Untracked 
|  17|0x0000000084700000, 0x0000000084800000, 0x0000000084800000|100%|HS|  |TAMS 0x0000000084800000| PB 0x0000000084700000| Complete 
|  18|0x0000000084800000, 0x0000000084900000, 0x0000000084900000|100%|HC|  |TAMS 0x0000000084900000| PB 0x0000000084800000| Complete 
|  19|0x0000000084900000, 0x0000000084a00000, 0x0000000084a00000|100%| O|  |TAMS 0x0000000084a00000| PB 0x0000000084900000| Untracked 
|  20|0x0000000084a00000, 0x0000000084b00000, 0x0000000084b00000|100%|HS|  |TAMS 0x0000000084b00000| PB 0x0000000084a00000| Complete 
|  21|0x0000000084b00000, 0x0000000084c00000, 0x0000000084c00000|100%|HC|  |TAMS 0x0000000084c00000| PB 0x0000000084b00000| Complete 
|  22|0x0000000084c00000, 0x0000000084d00000, 0x0000000084d00000|100%|HC|  |TAMS 0x0000000084d00000| PB 0x0000000084c00000| Complete 
|  23|0x0000000084d00000, 0x0000000084e00000, 0x0000000084e00000|100%|HC|  |TAMS 0x0000000084e00000| PB 0x0000000084d00000| Complete 
|  24|0x0000000084e00000, 0x0000000084f00000, 0x0000000084f00000|100%|HC|  |TAMS 0x0000000084f00000| PB 0x0000000084e00000| Complete 
|  25|0x0000000084f00000, 0x0000000085000000, 0x0000000085000000|100%|HC|  |TAMS 0x0000000085000000| PB 0x0000000084f00000| Complete 
|  26|0x0000000085000000, 0x0000000085100000, 0x0000000085100000|100%|HC|  |TAMS 0x0000000085100000| PB 0x0000000085000000| Complete 
|  27|0x0000000085100000, 0x0000000085200000, 0x0000000085200000|100%|HC|  |TAMS 0x0000000085200000| PB 0x0000000085100000| Complete 
|  28|0x0000000085200000, 0x0000000085300000, 0x0000000085300000|100%|HC|  |TAMS 0x0000000085300000| PB 0x0000000085200000| Complete 
|  29|0x0000000085300000, 0x0000000085400000, 0x0000000085400000|100%|HC|  |TAMS 0x0000000085400000| PB 0x0000000085300000| Complete 
|  30|0x0000000085400000, 0x0000000085500000, 0x0000000085500000|100%|HC|  |TAMS 0x0000000085500000| PB 0x0000000085400000| Complete 
|  31|0x0000000085500000, 0x0000000085600000, 0x0000000085600000|100%|HC|  |TAMS 0x0000000085600000| PB 0x0000000085500000| Complete 
|  32|0x0000000085600000, 0x0000000085700000, 0x0000000085700000|100%|HC|  |TAMS 0x0000000085700000| PB 0x0000000085600000| Complete 
|  33|0x0000000085700000, 0x0000000085800000, 0x0000000085800000|100%|HC|  |TAMS 0x0000000085800000| PB 0x0000000085700000| Complete 
|  34|0x0000000085800000, 0x0000000085900000, 0x0000000085900000|100%|HC|  |TAMS 0x0000000085900000| PB 0x0000000085800000| Complete 
|  35|0x0000000085900000, 0x0000000085a00000, 0x0000000085a00000|100%|HC|  |TAMS 0x0000000085a00000| PB 0x0000000085900000| Complete 
|  36|0x0000000085a00000, 0x0000000085b00000, 0x0000000085b00000|100%|HS|  |TAMS 0x0000000085b00000| PB 0x0000000085a00000| Complete 
|  37|0x0000000085b00000, 0x0000000085c00000, 0x0000000085c00000|100%|HC|  |TAMS 0x0000000085c00000| PB 0x0000000085b00000| Complete 
|  38|0x0000000085c00000, 0x0000000085d00000, 0x0000000085d00000|100%|HC|  |TAMS 0x0000000085d00000| PB 0x0000000085c00000| Complete 
|  39|0x0000000085d00000, 0x0000000085e00000, 0x0000000085e00000|100%|HC|  |TAMS 0x0000000085e00000| PB 0x0000000085d00000| Complete 
|  40|0x0000000085e00000, 0x0000000085f00000, 0x0000000085f00000|100%|HC|  |TAMS 0x0000000085f00000| PB 0x0000000085e00000| Complete 
|  41|0x0000000085f00000, 0x0000000086000000, 0x0000000086000000|100%|HC|  |TAMS 0x0000000086000000| PB 0x0000000085f00000| Complete 
|  42|0x0000000086000000, 0x0000000086100000, 0x0000000086100000|100%|HC|  |TAMS 0x0000000086100000| PB 0x0000000086000000| Complete 
|  43|0x0000000086100000, 0x0000000086200000, 0x0000000086200000|100%|HC|  |TAMS 0x0000000086200000| PB 0x0000000086100000| Complete 
|  44|0x0000000086200000, 0x0000000086300000, 0x0000000086300000|100%|HC|  |TAMS 0x0000000086300000| PB 0x0000000086200000| Complete 
|  45|0x0000000086300000, 0x0000000086400000, 0x0000000086400000|100%|HC|  |TAMS 0x0000000086400000| PB 0x0000000086300000| Complete 
|  46|0x0000000086400000, 0x0000000086500000, 0x0000000086500000|100%|HC|  |TAMS 0x0000000086500000| PB 0x0000000086400000| Complete 
|  47|0x0000000086500000, 0x0000000086600000, 0x0000000086600000|100%|HC|  |TAMS 0x0000000086600000| PB 0x0000000086500000| Complete 
|  48|0x0000000086600000, 0x0000000086700000, 0x0000000086700000|100%|HC|  |TAMS 0x0000000086700000| PB 0x0000000086600000| Complete 
|  49|0x0000000086700000, 0x0000000086800000, 0x0000000086800000|100%|HC|  |TAMS 0x0000000086800000| PB 0x0000000086700000| Complete 
|  50|0x0000000086800000, 0x0000000086900000, 0x0000000086900000|100%|HC|  |TAMS 0x0000000086900000| PB 0x0000000086800000| Complete 
|  51|0x0000000086900000, 0x0000000086a00000, 0x0000000086a00000|100%|HC|  |TAMS 0x0000000086a00000| PB 0x0000000086900000| Complete 
|  52|0x0000000086a00000, 0x0000000086b00000, 0x0000000086b00000|100%|HC|  |TAMS 0x0000000086b00000| PB 0x0000000086a00000| Complete 
|  53|0x0000000086b00000, 0x0000000086c00000, 0x0000000086c00000|100%|HC|  |TAMS 0x0000000086c00000| PB 0x0000000086b00000| Complete 
|  54|0x0000000086c00000, 0x0000000086d00000, 0x0000000086d00000|100%|HC|  |TAMS 0x0000000086d00000| PB 0x0000000086c00000| Complete 
|  55|0x0000000086d00000, 0x0000000086e00000, 0x0000000086e00000|100%|HC|  |TAMS 0x0000000086e00000| PB 0x0000000086d00000| Complete 
|  56|0x0000000086e00000, 0x0000000086f00000, 0x0000000086f00000|100%|HC|  |TAMS 0x0000000086f00000| PB 0x0000000086e00000| Complete 
|  57|0x0000000086f00000, 0x0000000087000000, 0x0000000087000000|100%|HC|  |TAMS 0x0000000087000000| PB 0x0000000086f00000| Complete 
|  58|0x0000000087000000, 0x0000000087100000, 0x0000000087100000|100%|HC|  |TAMS 0x0000000087100000| PB 0x0000000087000000| Complete 
|  59|0x0000000087100000, 0x0000000087200000, 0x0000000087200000|100%|HC|  |TAMS 0x0000000087200000| PB 0x0000000087100000| Complete 
|  60|0x0000000087200000, 0x0000000087300000, 0x0000000087300000|100%|HC|  |TAMS 0x0000000087300000| PB 0x0000000087200000| Complete 
|  61|0x0000000087300000, 0x0000000087400000, 0x0000000087400000|100%|HC|  |TAMS 0x0000000087400000| PB 0x0000000087300000| Complete 
|  62|0x0000000087400000, 0x0000000087500000, 0x0000000087500000|100%|HC|  |TAMS 0x0000000087500000| PB 0x0000000087400000| Complete 
|  63|0x0000000087500000, 0x0000000087600000, 0x0000000087600000|100%|HC|  |TAMS 0x0000000087600000| PB 0x0000000087500000| Complete 
|  64|0x0000000087600000, 0x0000000087700000, 0x0000000087700000|100%|HC|  |TAMS 0x0000000087700000| PB 0x0000000087600000| Complete 
|  65|0x0000000087700000, 0x0000000087800000, 0x0000000087800000|100%|HC|  |TAMS 0x0000000087800000| PB 0x0000000087700000| Complete 
|  66|0x0000000087800000, 0x0000000087900000, 0x0000000087900000|100%|HC|  |TAMS 0x0000000087900000| PB 0x0000000087800000| Complete 
|  67|0x0000000087900000, 0x0000000087a00000, 0x0000000087a00000|100%|HC|  |TAMS 0x0000000087a00000| PB 0x0000000087900000| Complete 
|  68|0x0000000087a00000, 0x0000000087b00000, 0x0000000087b00000|100%|HC|  |TAMS 0x0000000087b00000| PB 0x0000000087a00000| Complete 
|  69|0x0000000087b00000, 0x0000000087c00000, 0x0000000087c00000|100%|HC|  |TAMS 0x0000000087c00000| PB 0x0000000087b00000| Complete 
|  70|0x0000000087c00000, 0x0000000087d00000, 0x0000000087d00000|100%|HC|  |TAMS 0x0000000087d00000| PB 0x0000000087c00000| Complete 
|  71|0x0000000087d00000, 0x0000000087e00000, 0x0000000087e00000|100%|HC|  |TAMS 0x0000000087e00000| PB 0x0000000087d00000| Complete 
|  72|0x0000000087e00000, 0x0000000087f00000, 0x0000000087f00000|100%|HC|  |TAMS 0x0000000087f00000| PB 0x0000000087e00000| Complete 
|  73|0x0000000087f00000, 0x0000000088000000, 0x0000000088000000|100%|HC|  |TAMS 0x0000000088000000| PB 0x0000000087f00000| Complete 
|  74|0x0000000088000000, 0x0000000088100000, 0x0000000088100000|100%|HC|  |TAMS 0x0000000088100000| PB 0x0000000088000000| Complete 
|  75|0x0000000088100000, 0x0000000088200000, 0x0000000088200000|100%|HC|  |TAMS 0x0000000088200000| PB 0x0000000088100000| Complete 
|  76|0x0000000088200000, 0x0000000088300000, 0x0000000088300000|100%|HC|  |TAMS 0x0000000088300000| PB 0x0000000088200000| Complete 
|  77|0x0000000088300000, 0x0000000088400000, 0x0000000088400000|100%|HC|  |TAMS 0x0000000088400000| PB 0x0000000088300000| Complete 
|  78|0x0000000088400000, 0x0000000088500000, 0x0000000088500000|100%|HC|  |TAMS 0x0000000088500000| PB 0x0000000088400000| Complete 
|  79|0x0000000088500000, 0x0000000088600000, 0x0000000088600000|100%|HC|  |TAMS 0x0000000088600000| PB 0x0000000088500000| Complete 
|  80|0x0000000088600000, 0x0000000088700000, 0x0000000088700000|100%|HC|  |TAMS 0x0000000088700000| PB 0x0000000088600000| Complete 
|  81|0x0000000088700000, 0x0000000088800000, 0x0000000088800000|100%|HC|  |TAMS 0x0000000088800000| PB 0x0000000088700000| Complete 
|  82|0x0000000088800000, 0x0000000088900000, 0x0000000088900000|100%|HC|  |TAMS 0x0000000088900000| PB 0x0000000088800000| Complete 
|  83|0x0000000088900000, 0x0000000088a00000, 0x0000000088a00000|100%|HC|  |TAMS 0x0000000088a00000| PB 0x0000000088900000| Complete 
|  84|0x0000000088a00000, 0x0000000088b00000, 0x0000000088b00000|100%|HC|  |TAMS 0x0000000088b00000| PB 0x0000000088a00000| Complete 
|  85|0x0000000088b00000, 0x0000000088c00000, 0x0000000088c00000|100%|HC|  |TAMS 0x0000000088c00000| PB 0x0000000088b00000| Complete 
|  86|0x0000000088c00000, 0x0000000088d00000, 0x0000000088d00000|100%|HC|  |TAMS 0x0000000088d00000| PB 0x0000000088c00000| Complete 
|  87|0x0000000088d00000, 0x0000000088e00000, 0x0000000088e00000|100%|HC|  |TAMS 0x0000000088e00000| PB 0x0000000088d00000| Complete 
|  88|0x0000000088e00000, 0x0000000088f00000, 0x0000000088f00000|100%|HC|  |TAMS 0x0000000088f00000| PB 0x0000000088e00000| Complete 
|  89|0x0000000088f00000, 0x0000000089000000, 0x0000000089000000|100%|HC|  |TAMS 0x0000000089000000| PB 0x0000000088f00000| Complete 
|  90|0x0000000089000000, 0x0000000089100000, 0x0000000089100000|100%|HC|  |TAMS 0x0000000089100000| PB 0x0000000089000000| Complete 
|  91|0x0000000089100000, 0x0000000089200000, 0x0000000089200000|100%|HC|  |TAMS 0x0000000089200000| PB 0x0000000089100000| Complete 
|  92|0x0000000089200000, 0x0000000089300000, 0x0000000089300000|100%|HC|  |TAMS 0x0000000089300000| PB 0x0000000089200000| Complete 
|  93|0x0000000089300000, 0x0000000089400000, 0x0000000089400000|100%|HC|  |TAMS 0x0000000089400000| PB 0x0000000089300000| Complete 
|  94|0x0000000089400000, 0x0000000089500000, 0x0000000089500000|100%|HC|  |TAMS 0x0000000089500000| PB 0x0000000089400000| Complete 
|  95|0x0000000089500000, 0x0000000089600000, 0x0000000089600000|100%| O|  |TAMS 0x0000000089600000| PB 0x0000000089500000| Untracked 
|  96|0x0000000089600000, 0x0000000089700000, 0x0000000089700000|100%| O|  |TAMS 0x0000000089700000| PB 0x0000000089600000| Untracked 
|  97|0x0000000089700000, 0x00000000897eb7e0, 0x0000000089800000| 91%| O|  |TAMS 0x00000000897eb7e0| PB 0x0000000089700000| Untracked 
|  98|0x0000000089800000, 0x0000000089900000, 0x0000000089900000|100%|HS|  |TAMS 0x0000000089900000| PB 0x0000000089800000| Complete 
|  99|0x0000000089900000, 0x0000000089a00000, 0x0000000089a00000|100%|HC|  |TAMS 0x0000000089a00000| PB 0x0000000089900000| Complete 
| 100|0x0000000089a00000, 0x0000000089b00000, 0x0000000089b00000|100%|HC|  |TAMS 0x0000000089b00000| PB 0x0000000089a00000| Complete 
| 101|0x0000000089b00000, 0x0000000089c00000, 0x0000000089c00000|100%|HC|  |TAMS 0x0000000089c00000| PB 0x0000000089b00000| Complete 
| 102|0x0000000089c00000, 0x0000000089d00000, 0x0000000089d00000|100%|HC|  |TAMS 0x0000000089d00000| PB 0x0000000089c00000| Complete 
| 103|0x0000000089d00000, 0x0000000089d00000, 0x0000000089e00000|  0%| F|  |TAMS 0x0000000089d00000| PB 0x0000000089d00000| Untracked 
| 104|0x0000000089e00000, 0x0000000089e00000, 0x0000000089f00000|  0%| F|  |TAMS 0x0000000089e00000| PB 0x0000000089e00000| Untracked 
| 105|0x0000000089f00000, 0x000000008a000000, 0x000000008a000000|100%|HS|  |TAMS 0x000000008a000000| PB 0x0000000089f00000| Complete 
| 106|0x000000008a000000, 0x000000008a100000, 0x000000008a100000|100%|HC|  |TAMS 0x000000008a100000| PB 0x000000008a000000| Complete 
| 107|0x000000008a100000, 0x000000008a200000, 0x000000008a200000|100%|HC|  |TAMS 0x000000008a200000| PB 0x000000008a100000| Complete 
| 108|0x000000008a200000, 0x000000008a300000, 0x000000008a300000|100%|HC|  |TAMS 0x000000008a300000| PB 0x000000008a200000| Complete 
| 109|0x000000008a300000, 0x000000008a400000, 0x000000008a400000|100%|HC|  |TAMS 0x000000008a400000| PB 0x000000008a300000| Complete 
| 110|0x000000008a400000, 0x000000008a500000, 0x000000008a500000|100%|HC|  |TAMS 0x000000008a500000| PB 0x000000008a400000| Complete 
| 111|0x000000008a500000, 0x000000008a600000, 0x000000008a600000|100%|HC|  |TAMS 0x000000008a600000| PB 0x000000008a500000| Complete 
| 112|0x000000008a600000, 0x000000008a700000, 0x000000008a700000|100%|HC|  |TAMS 0x000000008a700000| PB 0x000000008a600000| Complete 
| 113|0x000000008a700000, 0x000000008a700000, 0x000000008a800000|  0%| F|  |TAMS 0x000000008a700000| PB 0x000000008a700000| Untracked 
| 114|0x000000008a800000, 0x000000008a800000, 0x000000008a900000|  0%| F|  |TAMS 0x000000008a800000| PB 0x000000008a800000| Untracked 
| 115|0x000000008a900000, 0x000000008a900000, 0x000000008aa00000|  0%| F|  |TAMS 0x000000008a900000| PB 0x000000008a900000| Untracked 
| 116|0x000000008aa00000, 0x000000008aa00000, 0x000000008ab00000|  0%| F|  |TAMS 0x000000008aa00000| PB 0x000000008aa00000| Untracked 
| 117|0x000000008ab00000, 0x000000008ab00000, 0x000000008ac00000|  0%| F|  |TAMS 0x000000008ab00000| PB 0x000000008ab00000| Untracked 
| 118|0x000000008ac00000, 0x000000008ac00000, 0x000000008ad00000|  0%| F|  |TAMS 0x000000008ac00000| PB 0x000000008ac00000| Untracked 
| 119|0x000000008ad00000, 0x000000008ad00000, 0x000000008ae00000|  0%| F|  |TAMS 0x000000008ad00000| PB 0x000000008ad00000| Untracked 
| 120|0x000000008ae00000, 0x000000008ae00000, 0x000000008af00000|  0%| F|  |TAMS 0x000000008ae00000| PB 0x000000008ae00000| Untracked 
| 121|0x000000008af00000, 0x000000008af00000, 0x000000008b000000|  0%| F|  |TAMS 0x000000008af00000| PB 0x000000008af00000| Untracked 
| 122|0x000000008b000000, 0x000000008b000000, 0x000000008b100000|  0%| F|  |TAMS 0x000000008b000000| PB 0x000000008b000000| Untracked 
| 123|0x000000008b100000, 0x000000008b100000, 0x000000008b200000|  0%| F|  |TAMS 0x000000008b100000| PB 0x000000008b100000| Untracked 
| 124|0x000000008b200000, 0x000000008b200000, 0x000000008b300000|  0%| F|  |TAMS 0x000000008b200000| PB 0x000000008b200000| Untracked 
| 125|0x000000008b300000, 0x000000008b325b98, 0x000000008b400000| 14%| S|CS|TAMS 0x000000008b300000| PB 0x000000008b300000| Complete 
| 126|0x000000008b400000, 0x000000008b400000, 0x000000008b500000|  0%| F|  |TAMS 0x000000008b400000| PB 0x000000008b400000| Untracked 
| 127|0x000000008b500000, 0x000000008b500000, 0x000000008b600000|  0%| F|  |TAMS 0x000000008b500000| PB 0x000000008b500000| Untracked 
| 128|0x000000008b600000, 0x000000008b600000, 0x000000008b700000|  0%| F|  |TAMS 0x000000008b600000| PB 0x000000008b600000| Untracked 
| 129|0x000000008b700000, 0x000000008b700000, 0x000000008b800000|  0%| F|  |TAMS 0x000000008b700000| PB 0x000000008b700000| Untracked 
| 130|0x000000008b800000, 0x000000008b800000, 0x000000008b900000|  0%| F|  |TAMS 0x000000008b800000| PB 0x000000008b800000| Untracked 
| 131|0x000000008b900000, 0x000000008b900000, 0x000000008ba00000|  0%| F|  |TAMS 0x000000008b900000| PB 0x000000008b900000| Untracked 
| 132|0x000000008ba00000, 0x000000008ba00000, 0x000000008bb00000|  0%| F|  |TAMS 0x000000008ba00000| PB 0x000000008ba00000| Untracked 
| 133|0x000000008bb00000, 0x000000008bb00000, 0x000000008bc00000|  0%| F|  |TAMS 0x000000008bb00000| PB 0x000000008bb00000| Untracked 
| 134|0x000000008bc00000, 0x000000008bc00000, 0x000000008bd00000|  0%| F|  |TAMS 0x000000008bc00000| PB 0x000000008bc00000| Untracked 
| 135|0x000000008bd00000, 0x000000008bd00000, 0x000000008be00000|  0%| F|  |TAMS 0x000000008bd00000| PB 0x000000008bd00000| Untracked 
| 136|0x000000008be00000, 0x000000008be00000, 0x000000008bf00000|  0%| F|  |TAMS 0x000000008be00000| PB 0x000000008be00000| Untracked 
| 137|0x000000008bf00000, 0x000000008bf00000, 0x000000008c000000|  0%| F|  |TAMS 0x000000008bf00000| PB 0x000000008bf00000| Untracked 
| 138|0x000000008c000000, 0x000000008c000000, 0x000000008c100000|  0%| F|  |TAMS 0x000000008c000000| PB 0x000000008c000000| Untracked 
| 139|0x000000008c100000, 0x000000008c100000, 0x000000008c200000|  0%| F|  |TAMS 0x000000008c100000| PB 0x000000008c100000| Untracked 
| 140|0x000000008c200000, 0x000000008c200000, 0x000000008c300000|  0%| F|  |TAMS 0x000000008c200000| PB 0x000000008c200000| Untracked 
| 141|0x000000008c300000, 0x000000008c300000, 0x000000008c400000|  0%| F|  |TAMS 0x000000008c300000| PB 0x000000008c300000| Untracked 
| 142|0x000000008c400000, 0x000000008c400000, 0x000000008c500000|  0%| F|  |TAMS 0x000000008c400000| PB 0x000000008c400000| Untracked 
| 143|0x000000008c500000, 0x000000008c500000, 0x000000008c600000|  0%| F|  |TAMS 0x000000008c500000| PB 0x000000008c500000| Untracked 
| 144|0x000000008c600000, 0x000000008c600000, 0x000000008c700000|  0%| F|  |TAMS 0x000000008c600000| PB 0x000000008c600000| Untracked 
| 145|0x000000008c700000, 0x000000008c700000, 0x000000008c800000|  0%| F|  |TAMS 0x000000008c700000| PB 0x000000008c700000| Untracked 
| 146|0x000000008c800000, 0x000000008c800000, 0x000000008c900000|  0%| F|  |TAMS 0x000000008c800000| PB 0x000000008c800000| Untracked 
| 147|0x000000008c900000, 0x000000008c900000, 0x000000008ca00000|  0%| F|  |TAMS 0x000000008c900000| PB 0x000000008c900000| Untracked 
| 148|0x000000008ca00000, 0x000000008ca00000, 0x000000008cb00000|  0%| F|  |TAMS 0x000000008ca00000| PB 0x000000008ca00000| Untracked 
| 149|0x000000008cb00000, 0x000000008cb00000, 0x000000008cc00000|  0%| F|  |TAMS 0x000000008cb00000| PB 0x000000008cb00000| Untracked 
| 150|0x000000008cc00000, 0x000000008cc00000, 0x000000008cd00000|  0%| F|  |TAMS 0x000000008cc00000| PB 0x000000008cc00000| Untracked 
| 151|0x000000008cd00000, 0x000000008cd00000, 0x000000008ce00000|  0%| F|  |TAMS 0x000000008cd00000| PB 0x000000008cd00000| Untracked 
| 152|0x000000008ce00000, 0x000000008ce00000, 0x000000008cf00000|  0%| F|  |TAMS 0x000000008ce00000| PB 0x000000008ce00000| Untracked 
| 153|0x000000008cf00000, 0x000000008cf00000, 0x000000008d000000|  0%| F|  |TAMS 0x000000008cf00000| PB 0x000000008cf00000| Untracked 
| 154|0x000000008d000000, 0x000000008d000000, 0x000000008d100000|  0%| F|  |TAMS 0x000000008d000000| PB 0x000000008d000000| Untracked 
| 155|0x000000008d100000, 0x000000008d100000, 0x000000008d200000|  0%| F|  |TAMS 0x000000008d100000| PB 0x000000008d100000| Untracked 
| 156|0x000000008d200000, 0x000000008d200000, 0x000000008d300000|  0%| F|  |TAMS 0x000000008d200000| PB 0x000000008d200000| Untracked 
| 157|0x000000008d300000, 0x000000008d300000, 0x000000008d400000|  0%| F|  |TAMS 0x000000008d300000| PB 0x000000008d300000| Untracked 
| 158|0x000000008d400000, 0x000000008d400000, 0x000000008d500000|  0%| F|  |TAMS 0x000000008d400000| PB 0x000000008d400000| Untracked 
| 159|0x000000008d500000, 0x000000008d500000, 0x000000008d600000|  0%| F|  |TAMS 0x000000008d500000| PB 0x000000008d500000| Untracked 
| 160|0x000000008d600000, 0x000000008d600000, 0x000000008d700000|  0%| F|  |TAMS 0x000000008d600000| PB 0x000000008d600000| Untracked 
| 161|0x000000008d700000, 0x000000008d700000, 0x000000008d800000|  0%| F|  |TAMS 0x000000008d700000| PB 0x000000008d700000| Untracked 
| 162|0x000000008d800000, 0x000000008d800000, 0x000000008d900000|  0%| F|  |TAMS 0x000000008d800000| PB 0x000000008d800000| Untracked 
| 163|0x000000008d900000, 0x000000008d900000, 0x000000008da00000|  0%| F|  |TAMS 0x000000008d900000| PB 0x000000008d900000| Untracked 
| 164|0x000000008da00000, 0x000000008da00000, 0x000000008db00000|  0%| F|  |TAMS 0x000000008da00000| PB 0x000000008da00000| Untracked 
| 165|0x000000008db00000, 0x000000008db00000, 0x000000008dc00000|  0%| F|  |TAMS 0x000000008db00000| PB 0x000000008db00000| Untracked 
| 166|0x000000008dc00000, 0x000000008dc00000, 0x000000008dd00000|  0%| F|  |TAMS 0x000000008dc00000| PB 0x000000008dc00000| Untracked 
| 167|0x000000008dd00000, 0x000000008dd00000, 0x000000008de00000|  0%| F|  |TAMS 0x000000008dd00000| PB 0x000000008dd00000| Untracked 
| 168|0x000000008de00000, 0x000000008de00000, 0x000000008df00000|  0%| F|  |TAMS 0x000000008de00000| PB 0x000000008de00000| Untracked 
| 169|0x000000008df00000, 0x000000008e000000, 0x000000008e000000|100%|HS|  |TAMS 0x000000008e000000| PB 0x000000008df00000| Complete 
| 170|0x000000008e000000, 0x000000008e100000, 0x000000008e100000|100%|HC|  |TAMS 0x000000008e100000| PB 0x000000008e000000| Complete 
| 171|0x000000008e100000, 0x000000008e200000, 0x000000008e200000|100%|HC|  |TAMS 0x000000008e200000| PB 0x000000008e100000| Complete 
| 172|0x000000008e200000, 0x000000008e300000, 0x000000008e300000|100%|HC|  |TAMS 0x000000008e300000| PB 0x000000008e200000| Complete 
| 173|0x000000008e300000, 0x000000008e400000, 0x000000008e400000|100%|HC|  |TAMS 0x000000008e400000| PB 0x000000008e300000| Complete 
| 174|0x000000008e400000, 0x000000008e500000, 0x000000008e500000|100%|HC|  |TAMS 0x000000008e500000| PB 0x000000008e400000| Complete 
| 175|0x000000008e500000, 0x000000008e600000, 0x000000008e600000|100%|HC|  |TAMS 0x000000008e600000| PB 0x000000008e500000| Complete 
| 176|0x000000008e600000, 0x000000008e700000, 0x000000008e700000|100%|HC|  |TAMS 0x000000008e700000| PB 0x000000008e600000| Complete 
| 177|0x000000008e700000, 0x000000008e800000, 0x000000008e800000|100%|HC|  |TAMS 0x000000008e800000| PB 0x000000008e700000| Complete 
| 178|0x000000008e800000, 0x000000008e900000, 0x000000008e900000|100%|HC|  |TAMS 0x000000008e900000| PB 0x000000008e800000| Complete 
| 179|0x000000008e900000, 0x000000008ea00000, 0x000000008ea00000|100%|HC|  |TAMS 0x000000008ea00000| PB 0x000000008e900000| Complete 
| 180|0x000000008ea00000, 0x000000008eb00000, 0x000000008eb00000|100%|HC|  |TAMS 0x000000008eb00000| PB 0x000000008ea00000| Complete 
| 181|0x000000008eb00000, 0x000000008ec00000, 0x000000008ec00000|100%|HC|  |TAMS 0x000000008ec00000| PB 0x000000008eb00000| Complete 
| 182|0x000000008ec00000, 0x000000008ed00000, 0x000000008ed00000|100%|HC|  |TAMS 0x000000008ed00000| PB 0x000000008ec00000| Complete 
| 183|0x000000008ed00000, 0x000000008ee00000, 0x000000008ee00000|100%|HC|  |TAMS 0x000000008ee00000| PB 0x000000008ed00000| Complete 
| 184|0x000000008ee00000, 0x000000008ef00000, 0x000000008ef00000|100%|HC|  |TAMS 0x000000008ef00000| PB 0x000000008ee00000| Complete 
| 185|0x000000008ef00000, 0x000000008f000000, 0x000000008f000000|100%|HC|  |TAMS 0x000000008f000000| PB 0x000000008ef00000| Complete 
| 186|0x000000008f000000, 0x000000008f100000, 0x000000008f100000|100%|HC|  |TAMS 0x000000008f100000| PB 0x000000008f000000| Complete 
| 187|0x000000008f100000, 0x000000008f200000, 0x000000008f200000|100%|HC|  |TAMS 0x000000008f200000| PB 0x000000008f100000| Complete 
| 188|0x000000008f200000, 0x000000008f300000, 0x000000008f300000|100%|HC|  |TAMS 0x000000008f300000| PB 0x000000008f200000| Complete 
| 189|0x000000008f300000, 0x000000008f400000, 0x000000008f400000|100%|HC|  |TAMS 0x000000008f400000| PB 0x000000008f300000| Complete 
| 190|0x000000008f400000, 0x000000008f500000, 0x000000008f500000|100%|HC|  |TAMS 0x000000008f500000| PB 0x000000008f400000| Complete 
| 191|0x000000008f500000, 0x000000008f600000, 0x000000008f600000|100%|HC|  |TAMS 0x000000008f600000| PB 0x000000008f500000| Complete 
| 192|0x000000008f600000, 0x000000008f700000, 0x000000008f700000|100%|HC|  |TAMS 0x000000008f700000| PB 0x000000008f600000| Complete 
| 193|0x000000008f700000, 0x000000008f800000, 0x000000008f800000|100%|HC|  |TAMS 0x000000008f800000| PB 0x000000008f700000| Complete 
| 194|0x000000008f800000, 0x000000008f900000, 0x000000008f900000|100%|HC|  |TAMS 0x000000008f900000| PB 0x000000008f800000| Complete 
| 195|0x000000008f900000, 0x000000008fa00000, 0x000000008fa00000|100%|HC|  |TAMS 0x000000008fa00000| PB 0x000000008f900000| Complete 
| 196|0x000000008fa00000, 0x000000008fb00000, 0x000000008fb00000|100%|HC|  |TAMS 0x000000008fb00000| PB 0x000000008fa00000| Complete 
| 197|0x000000008fb00000, 0x000000008fc00000, 0x000000008fc00000|100%|HC|  |TAMS 0x000000008fc00000| PB 0x000000008fb00000| Complete 
| 198|0x000000008fc00000, 0x000000008fd00000, 0x000000008fd00000|100%|HC|  |TAMS 0x000000008fd00000| PB 0x000000008fc00000| Complete 
| 199|0x000000008fd00000, 0x000000008fe00000, 0x000000008fe00000|100%|HC|  |TAMS 0x000000008fe00000| PB 0x000000008fd00000| Complete 
| 200|0x000000008fe00000, 0x000000008ff00000, 0x000000008ff00000|100%|HC|  |TAMS 0x000000008ff00000| PB 0x000000008fe00000| Complete 
| 201|0x000000008ff00000, 0x0000000090000000, 0x0000000090000000|100%|HC|  |TAMS 0x0000000090000000| PB 0x000000008ff00000| Complete 
| 202|0x0000000090000000, 0x0000000090100000, 0x0000000090100000|100%|HC|  |TAMS 0x0000000090100000| PB 0x0000000090000000| Complete 
| 203|0x0000000090100000, 0x0000000090200000, 0x0000000090200000|100%|HC|  |TAMS 0x0000000090200000| PB 0x0000000090100000| Complete 
| 204|0x0000000090200000, 0x0000000090300000, 0x0000000090300000|100%|HC|  |TAMS 0x0000000090300000| PB 0x0000000090200000| Complete 
| 205|0x0000000090300000, 0x0000000090400000, 0x0000000090400000|100%|HC|  |TAMS 0x0000000090400000| PB 0x0000000090300000| Complete 
| 206|0x0000000090400000, 0x0000000090500000, 0x0000000090500000|100%|HC|  |TAMS 0x0000000090500000| PB 0x0000000090400000| Complete 
| 207|0x0000000090500000, 0x0000000090600000, 0x0000000090600000|100%|HC|  |TAMS 0x0000000090600000| PB 0x0000000090500000| Complete 
| 208|0x0000000090600000, 0x0000000090700000, 0x0000000090700000|100%|HC|  |TAMS 0x0000000090700000| PB 0x0000000090600000| Complete 
| 209|0x0000000090700000, 0x0000000090800000, 0x0000000090800000|100%|HC|  |TAMS 0x0000000090800000| PB 0x0000000090700000| Complete 
| 210|0x0000000090800000, 0x0000000090900000, 0x0000000090900000|100%|HC|  |TAMS 0x0000000090900000| PB 0x0000000090800000| Complete 
| 211|0x0000000090900000, 0x0000000090a00000, 0x0000000090a00000|100%|HC|  |TAMS 0x0000000090a00000| PB 0x0000000090900000| Complete 
| 212|0x0000000090a00000, 0x0000000090b00000, 0x0000000090b00000|100%|HC|  |TAMS 0x0000000090b00000| PB 0x0000000090a00000| Complete 
| 213|0x0000000090b00000, 0x0000000090c00000, 0x0000000090c00000|100%|HC|  |TAMS 0x0000000090c00000| PB 0x0000000090b00000| Complete 
| 214|0x0000000090c00000, 0x0000000090d00000, 0x0000000090d00000|100%|HC|  |TAMS 0x0000000090d00000| PB 0x0000000090c00000| Complete 
| 215|0x0000000090d00000, 0x0000000090e00000, 0x0000000090e00000|100%|HC|  |TAMS 0x0000000090e00000| PB 0x0000000090d00000| Complete 
| 216|0x0000000090e00000, 0x0000000090f00000, 0x0000000090f00000|100%|HC|  |TAMS 0x0000000090f00000| PB 0x0000000090e00000| Complete 
| 217|0x0000000090f00000, 0x0000000091000000, 0x0000000091000000|100%|HC|  |TAMS 0x0000000091000000| PB 0x0000000090f00000| Complete 
| 218|0x0000000091000000, 0x0000000091100000, 0x0000000091100000|100%|HC|  |TAMS 0x0000000091100000| PB 0x0000000091000000| Complete 
| 219|0x0000000091100000, 0x0000000091200000, 0x0000000091200000|100%|HC|  |TAMS 0x0000000091200000| PB 0x0000000091100000| Complete 
| 220|0x0000000091200000, 0x0000000091300000, 0x0000000091300000|100%|HC|  |TAMS 0x0000000091300000| PB 0x0000000091200000| Complete 
| 221|0x0000000091300000, 0x0000000091400000, 0x0000000091400000|100%|HC|  |TAMS 0x0000000091400000| PB 0x0000000091300000| Complete 
| 222|0x0000000091400000, 0x0000000091500000, 0x0000000091500000|100%|HC|  |TAMS 0x0000000091500000| PB 0x0000000091400000| Complete 
| 223|0x0000000091500000, 0x0000000091600000, 0x0000000091600000|100%|HC|  |TAMS 0x0000000091600000| PB 0x0000000091500000| Complete 
| 224|0x0000000091600000, 0x0000000091700000, 0x0000000091700000|100%|HC|  |TAMS 0x0000000091700000| PB 0x0000000091600000| Complete 
| 225|0x0000000091700000, 0x0000000091800000, 0x0000000091800000|100%|HC|  |TAMS 0x0000000091800000| PB 0x0000000091700000| Complete 
| 226|0x0000000091800000, 0x0000000091900000, 0x0000000091900000|100%|HC|  |TAMS 0x0000000091900000| PB 0x0000000091800000| Complete 
| 227|0x0000000091900000, 0x0000000091a00000, 0x0000000091a00000|100%|HC|  |TAMS 0x0000000091a00000| PB 0x0000000091900000| Complete 
| 228|0x0000000091a00000, 0x0000000091b00000, 0x0000000091b00000|100%|HC|  |TAMS 0x0000000091b00000| PB 0x0000000091a00000| Complete 
| 229|0x0000000091b00000, 0x0000000091c00000, 0x0000000091c00000|100%|HC|  |TAMS 0x0000000091c00000| PB 0x0000000091b00000| Complete 
| 230|0x0000000091c00000, 0x0000000091d00000, 0x0000000091d00000|100%|HC|  |TAMS 0x0000000091d00000| PB 0x0000000091c00000| Complete 
| 231|0x0000000091d00000, 0x0000000091e00000, 0x0000000091e00000|100%|HC|  |TAMS 0x0000000091e00000| PB 0x0000000091d00000| Complete 
| 232|0x0000000091e00000, 0x0000000091f00000, 0x0000000091f00000|100%|HC|  |TAMS 0x0000000091f00000| PB 0x0000000091e00000| Complete 
| 233|0x0000000091f00000, 0x0000000092000000, 0x0000000092000000|100%|HC|  |TAMS 0x0000000092000000| PB 0x0000000091f00000| Complete 
| 234|0x0000000092000000, 0x0000000092100000, 0x0000000092100000|100%|HC|  |TAMS 0x0000000092100000| PB 0x0000000092000000| Complete 
| 235|0x0000000092100000, 0x0000000092200000, 0x0000000092200000|100%|HC|  |TAMS 0x0000000092200000| PB 0x0000000092100000| Complete 
| 236|0x0000000092200000, 0x0000000092300000, 0x0000000092300000|100%|HC|  |TAMS 0x0000000092300000| PB 0x0000000092200000| Complete 
| 237|0x0000000092300000, 0x0000000092400000, 0x0000000092400000|100%|HC|  |TAMS 0x0000000092400000| PB 0x0000000092300000| Complete 
| 238|0x0000000092400000, 0x0000000092500000, 0x0000000092500000|100%|HC|  |TAMS 0x0000000092500000| PB 0x0000000092400000| Complete 
| 239|0x0000000092500000, 0x0000000092600000, 0x0000000092600000|100%|HC|  |TAMS 0x0000000092600000| PB 0x0000000092500000| Complete 
| 240|0x0000000092600000, 0x0000000092700000, 0x0000000092700000|100%|HC|  |TAMS 0x0000000092700000| PB 0x0000000092600000| Complete 
| 241|0x0000000092700000, 0x0000000092800000, 0x0000000092800000|100%|HC|  |TAMS 0x0000000092800000| PB 0x0000000092700000| Complete 
| 242|0x0000000092800000, 0x0000000092900000, 0x0000000092900000|100%|HC|  |TAMS 0x0000000092900000| PB 0x0000000092800000| Complete 
| 243|0x0000000092900000, 0x0000000092a00000, 0x0000000092a00000|100%|HC|  |TAMS 0x0000000092a00000| PB 0x0000000092900000| Complete 
| 244|0x0000000092a00000, 0x0000000092b00000, 0x0000000092b00000|100%|HC|  |TAMS 0x0000000092b00000| PB 0x0000000092a00000| Complete 
| 245|0x0000000092b00000, 0x0000000092c00000, 0x0000000092c00000|100%|HC|  |TAMS 0x0000000092c00000| PB 0x0000000092b00000| Complete 
| 246|0x0000000092c00000, 0x0000000092d00000, 0x0000000092d00000|100%|HC|  |TAMS 0x0000000092d00000| PB 0x0000000092c00000| Complete 
| 247|0x0000000092d00000, 0x0000000092e00000, 0x0000000092e00000|100%|HC|  |TAMS 0x0000000092e00000| PB 0x0000000092d00000| Complete 
| 248|0x0000000092e00000, 0x0000000092f00000, 0x0000000092f00000|100%|HC|  |TAMS 0x0000000092f00000| PB 0x0000000092e00000| Complete 
| 249|0x0000000092f00000, 0x0000000093000000, 0x0000000093000000|100%|HC|  |TAMS 0x0000000093000000| PB 0x0000000092f00000| Complete 
| 250|0x0000000093000000, 0x0000000093100000, 0x0000000093100000|100%|HC|  |TAMS 0x0000000093100000| PB 0x0000000093000000| Complete 
| 251|0x0000000093100000, 0x0000000093200000, 0x0000000093200000|100%|HC|  |TAMS 0x0000000093200000| PB 0x0000000093100000| Complete 
| 252|0x0000000093200000, 0x0000000093300000, 0x0000000093300000|100%|HC|  |TAMS 0x0000000093300000| PB 0x0000000093200000| Complete 
| 253|0x0000000093300000, 0x0000000093400000, 0x0000000093400000|100%|HC|  |TAMS 0x0000000093400000| PB 0x0000000093300000| Complete 
| 254|0x0000000093400000, 0x0000000093500000, 0x0000000093500000|100%|HC|  |TAMS 0x0000000093500000| PB 0x0000000093400000| Complete 
| 255|0x0000000093500000, 0x0000000093600000, 0x0000000093600000|100%|HC|  |TAMS 0x0000000093600000| PB 0x0000000093500000| Complete 
| 256|0x0000000093600000, 0x0000000093700000, 0x0000000093700000|100%|HC|  |TAMS 0x0000000093700000| PB 0x0000000093600000| Complete 
| 257|0x0000000093700000, 0x0000000093800000, 0x0000000093800000|100%|HC|  |TAMS 0x0000000093800000| PB 0x0000000093700000| Complete 
| 258|0x0000000093800000, 0x0000000093900000, 0x0000000093900000|100%|HC|  |TAMS 0x0000000093900000| PB 0x0000000093800000| Complete 
| 259|0x0000000093900000, 0x0000000093a00000, 0x0000000093a00000|100%|HC|  |TAMS 0x0000000093a00000| PB 0x0000000093900000| Complete 
| 260|0x0000000093a00000, 0x0000000093b00000, 0x0000000093b00000|100%|HC|  |TAMS 0x0000000093b00000| PB 0x0000000093a00000| Complete 
| 261|0x0000000093b00000, 0x0000000093c00000, 0x0000000093c00000|100%|HC|  |TAMS 0x0000000093c00000| PB 0x0000000093b00000| Complete 
| 262|0x0000000093c00000, 0x0000000093d00000, 0x0000000093d00000|100%|HC|  |TAMS 0x0000000093d00000| PB 0x0000000093c00000| Complete 
| 263|0x0000000093d00000, 0x0000000093e00000, 0x0000000093e00000|100%|HC|  |TAMS 0x0000000093e00000| PB 0x0000000093d00000| Complete 
| 264|0x0000000093e00000, 0x0000000093f00000, 0x0000000093f00000|100%|HC|  |TAMS 0x0000000093f00000| PB 0x0000000093e00000| Complete 
| 265|0x0000000093f00000, 0x0000000094000000, 0x0000000094000000|100%|HC|  |TAMS 0x0000000094000000| PB 0x0000000093f00000| Complete 
| 266|0x0000000094000000, 0x0000000094100000, 0x0000000094100000|100%|HC|  |TAMS 0x0000000094100000| PB 0x0000000094000000| Complete 
| 267|0x0000000094100000, 0x0000000094200000, 0x0000000094200000|100%|HC|  |TAMS 0x0000000094200000| PB 0x0000000094100000| Complete 
| 268|0x0000000094200000, 0x0000000094300000, 0x0000000094300000|100%|HC|  |TAMS 0x0000000094300000| PB 0x0000000094200000| Complete 
| 269|0x0000000094300000, 0x0000000094400000, 0x0000000094400000|100%|HC|  |TAMS 0x0000000094400000| PB 0x0000000094300000| Complete 
| 270|0x0000000094400000, 0x0000000094500000, 0x0000000094500000|100%|HC|  |TAMS 0x0000000094500000| PB 0x0000000094400000| Complete 
| 271|0x0000000094500000, 0x0000000094600000, 0x0000000094600000|100%|HC|  |TAMS 0x0000000094600000| PB 0x0000000094500000| Complete 
| 272|0x0000000094600000, 0x0000000094700000, 0x0000000094700000|100%|HC|  |TAMS 0x0000000094700000| PB 0x0000000094600000| Complete 
| 273|0x0000000094700000, 0x0000000094800000, 0x0000000094800000|100%|HC|  |TAMS 0x0000000094800000| PB 0x0000000094700000| Complete 
| 274|0x0000000094800000, 0x0000000094900000, 0x0000000094900000|100%|HC|  |TAMS 0x0000000094900000| PB 0x0000000094800000| Complete 
| 275|0x0000000094900000, 0x0000000094a00000, 0x0000000094a00000|100%|HC|  |TAMS 0x0000000094a00000| PB 0x0000000094900000| Complete 
| 276|0x0000000094a00000, 0x0000000094b00000, 0x0000000094b00000|100%|HC|  |TAMS 0x0000000094b00000| PB 0x0000000094a00000| Complete 

Card table byte_map: [0x00000253fddc0000,0x00000253fe1b0000] _byte_map_base: 0x00000253fd9a5000

Marking Bits: (CMBitMap*) 0x00000253fb6dbab0
 Bits: [0x0000025397390000, 0x00000253992b8000)

Polling page: 0x00000253fb750000

Metaspace:

Usage:
  Non-class:     16.10 MB used.
      Class:      1.94 MB used.
       Both:     18.04 MB used.

Virtual space:
  Non-class space:       64.00 MB reserved,      16.19 MB ( 25%) committed,  1 nodes.
      Class space:        1.00 GB reserved,       2.06 MB ( <1%) committed,  1 nodes.
             Both:        1.06 GB reserved,      18.25 MB (  2%) committed. 

Chunk freelists:
   Non-Class:  15.00 MB
       Class:  13.75 MB
        Both:  28.75 MB

MaxMetaspaceSize: unlimited
CompressedClassSpaceSize: 1.00 GB
Initial GC threshold: 21.00 MB
Current GC threshold: 30.00 MB
CDS: on
 - commit_granule_bytes: 65536.
 - commit_granule_words: 8192.
 - virtual_space_node_default_size: 8388608.
 - enlarge_chunks_in_place: 1.
 - use_allocation_guard: 0.


Internal statistics:

num_allocs_failed_limit: 0.
num_arena_births: 192.
num_arena_deaths: 0.
num_vsnodes_births: 2.
num_vsnodes_deaths: 0.
num_space_committed: 292.
num_space_uncommitted: 0.
num_chunks_returned_to_freelist: 0.
num_chunks_taken_from_freelist: 407.
num_chunk_merges: 0.
num_chunk_splits: 243.
num_chunks_enlarged: 131.
num_inconsistent_stats: 0.

CodeHeap 'non-profiled nmethods': size=120000Kb used=985Kb max_used=985Kb free=119015Kb
 bounds [0x000002538fe60000, 0x00000253900d0000, 0x0000025397390000]
CodeHeap 'profiled nmethods': size=120000Kb used=5080Kb max_used=5080Kb free=114919Kb
 bounds [0x0000025388390000, 0x0000025388890000, 0x000002538f8c0000]
CodeHeap 'non-nmethods': size=5760Kb used=1925Kb max_used=1946Kb free=3834Kb
 bounds [0x000002538f8c0000, 0x000002538fb30000, 0x000002538fe60000]
 total_blobs=3410 nmethods=2667 adapters=647
 compilation: enabled
              stopped_count=0, restarted_count=0
 full_count=0

Compilation events (20 events):
Event: 24.380 Thread 0x00000253fec72ef0 2659       3       sun.java2d.pipe.Region::getInstanceXYWH (16 bytes)
Event: 24.380 Thread 0x00000253fec72ef0 nmethod 2659 0x000002538887dd10 code [0x000002538887dee0, 0x000002538887e1b0]
Event: 24.380 Thread 0x00000253fec72ef0 2660       1       javax.swing.AbstractButton::getText (5 bytes)
Event: 24.380 Thread 0x00000253fec72ef0 nmethod 2660 0x000002538ff55e10 code [0x000002538ff55fa0, 0x000002538ff56070]
Event: 24.458 Thread 0x00000253fec72ef0 2661       1       java.awt.event.MouseEvent::getButton (5 bytes)
Event: 24.458 Thread 0x00000253fec72ef0 nmethod 2661 0x000002538ff56110 code [0x000002538ff562a0, 0x000002538ff56368]
Event: 24.814 Thread 0x00000253fec72ef0 2662   !   3       java.awt.KeyboardFocusManager::retargetFocusEvent (244 bytes)
Event: 24.818 Thread 0x00000253fec72ef0 nmethod 2662 0x000002538887e310 code [0x000002538887e860, 0x0000025388881ba8]
Event: 24.827 Thread 0x00000253fec72ef0 2663   !   3       java.awt.KeyboardFocusManager::getFocusOwner (42 bytes)
Event: 24.827 Thread 0x00000253fec72ef0 nmethod 2663 0x0000025388882b10 code [0x0000025388882ce0, 0x0000025388883058]
Event: 24.827 Thread 0x00000253fec72ef0 2664  s    3       javax.swing.RepaintManager::isPaintingThread (16 bytes)
Event: 24.827 Thread 0x00000253fec72ef0 nmethod 2664 0x0000025388883190 code [0x0000025388883340, 0x0000025388883588]
Event: 25.045 Thread 0x00000253fec72ef0 2666   !   3       javax.swing.JComponent::putClientProperty (120 bytes)
Event: 25.046 Thread 0x00000253fec72ef0 nmethod 2666 0x0000025388883610 code [0x0000025388883880, 0x00000253888843a8]
Event: 25.046 Thread 0x00000253fec72ef0 2667       3       java.awt.Color::equals (27 bytes)
Event: 25.046 Thread 0x00000253fec72ef0 nmethod 2667 0x0000025388884690 code [0x0000025388884840, 0x0000025388884d08]
Event: 25.046 Thread 0x00000253fec72ef0 2668       3       java.beans.PropertyChangeSupport::firePropertyChange (35 bytes)
Event: 25.047 Thread 0x00000253fec72ef0 nmethod 2668 0x0000025388884e10 code [0x0000025388885020, 0x00000253888857d0]
Event: 25.047 Thread 0x00000253fec72ef0 2665       3       java.lang.Boolean::equals (29 bytes)
Event: 25.047 Thread 0x00000253fec72ef0 nmethod 2665 0x0000025388885a10 code [0x0000025388885bc0, 0x0000025388885fa8]

GC Heap History (15 events):
Event: 4.767 GC heap before
{Heap before GC invocations=0 (full 0):
 garbage-first heap   total 129024K, used 43008K [0x0000000083600000, 0x0000000100000000)
  region size 1024K, 23 young (23552K), 0 survivors (0K)
 Metaspace       used 8606K, committed 8768K, reserved 1114112K
  class space    used 964K, committed 1024K, reserved 1048576K
}
Event: 4.775 GC heap after
{Heap after GC invocations=1 (full 0):
 garbage-first heap   total 129024K, used 18846K [0x0000000083600000, 0x0000000100000000)
  region size 1024K, 3 young (3072K), 3 survivors (3072K)
 Metaspace       used 8606K, committed 8768K, reserved 1114112K
  class space    used 964K, committed 1024K, reserved 1048576K
}
Event: 22.365 GC heap before
{Heap before GC invocations=1 (full 0):
 garbage-first heap   total 129024K, used 66974K [0x0000000083600000, 0x0000000100000000)
  region size 1024K, 34 young (34816K), 3 survivors (3072K)
 Metaspace       used 18168K, committed 18368K, reserved 1114112K
  class space    used 1969K, committed 2048K, reserved 1048576K
}
Event: 22.371 GC heap after
{Heap after GC invocations=2 (full 0):
 garbage-first heap   total 129024K, used 39376K [0x0000000083600000, 0x0000000100000000)
  region size 1024K, 4 young (4096K), 4 survivors (4096K)
 Metaspace       used 18168K, committed 18368K, reserved 1114112K
  class space    used 1969K, committed 2048K, reserved 1048576K
}
Event: 22.443 GC heap before
{Heap before GC invocations=2 (full 0):
 garbage-first heap   total 129024K, used 47568K [0x0000000083600000, 0x0000000100000000)
  region size 1024K, 13 young (13312K), 4 survivors (4096K)
 Metaspace       used 18222K, committed 18432K, reserved 1114112K
  class space    used 1974K, committed 2048K, reserved 1048576K
}
Event: 22.447 GC heap after
{Heap after GC invocations=3 (full 0):
 garbage-first heap   total 129024K, used 39466K [0x0000000083600000, 0x0000000100000000)
  region size 1024K, 4 young (4096K), 4 survivors (4096K)
 Metaspace       used 18222K, committed 18432K, reserved 1114112K
  class space    used 1974K, committed 2048K, reserved 1048576K
}
Event: 22.522 GC heap before
{Heap before GC invocations=3 (full 0):
 garbage-first heap   total 129024K, used 127530K [0x0000000083600000, 0x0000000100000000)
  region size 1024K, 32 young (32768K), 4 survivors (4096K)
 Metaspace       used 18222K, committed 18432K, reserved 1114112K
  class space    used 1974K, committed 2048K, reserved 1048576K
}
Event: 22.527 GC heap after
{Heap after GC invocations=4 (full 0):
 garbage-first heap   total 133120K, used 100060K [0x0000000083600000, 0x0000000100000000)
  region size 1024K, 4 young (4096K), 4 survivors (4096K)
 Metaspace       used 18222K, committed 18432K, reserved 1114112K
  class space    used 1974K, committed 2048K, reserved 1048576K
}
Event: 22.609 GC heap before
{Heap before GC invocations=4 (full 0):
 garbage-first heap   total 133120K, used 121564K [0x0000000083600000, 0x0000000100000000)
  region size 1024K, 25 young (25600K), 4 survivors (4096K)
 Metaspace       used 18222K, committed 18432K, reserved 1114112K
  class space    used 1974K, committed 2048K, reserved 1048576K
}
Event: 22.612 GC heap after
{Heap after GC invocations=5 (full 0):
 garbage-first heap   total 133120K, used 100076K [0x0000000083600000, 0x0000000100000000)
  region size 1024K, 1 young (1024K), 1 survivors (1024K)
 Metaspace       used 18222K, committed 18432K, reserved 1114112K
  class space    used 1974K, committed 2048K, reserved 1048576K
}
Event: 25.107 GC heap before
{Heap before GC invocations=6 (full 0):
 garbage-first heap   total 283648K, used 246508K [0x0000000083600000, 0x0000000100000000)
  region size 1024K, 24 young (24576K), 1 survivors (1024K)
 Metaspace       used 18476K, committed 18688K, reserved 1114112K
  class space    used 1990K, committed 2112K, reserved 1048576K
}
Event: 25.109 GC heap after
{Heap after GC invocations=7 (full 0):
 garbage-first heap   total 283648K, used 223649K [0x0000000083600000, 0x0000000100000000)
  region size 1024K, 1 young (1024K), 1 survivors (1024K)
 Metaspace       used 18476K, committed 18688K, reserved 1114112K
  class space    used 1990K, committed 2112K, reserved 1048576K
}
Event: 25.187 GC heap before
{Heap before GC invocations=7 (full 0):
 garbage-first heap   total 283648K, used 264609K [0x0000000083600000, 0x0000000100000000)
  region size 1024K, 42 young (43008K), 1 survivors (1024K)
 Metaspace       used 18476K, committed 18688K, reserved 1114112K
  class space    used 1990K, committed 2112K, reserved 1048576K
}
Event: 25.190 GC heap after
{Heap after GC invocations=8 (full 0):
 garbage-first heap   total 283648K, used 223318K [0x0000000083600000, 0x0000000100000000)
  region size 1024K, 1 young (1024K), 1 survivors (1024K)
 Metaspace       used 18476K, committed 18688K, reserved 1114112K
  class space    used 1990K, committed 2112K, reserved 1048576K
}
Event: 25.289 GC heap before
{Heap before GC invocations=8 (full 0):
 garbage-first heap   total 283648K, used 265302K [0x0000000083600000, 0x0000000100000000)
  region size 1024K, 43 young (44032K), 1 survivors (1024K)
 Metaspace       used 18476K, committed 18688K, reserved 1114112K
  class space    used 1990K, committed 2112K, reserved 1048576K
}

Dll operation events (12 events):
Event: 0.009 Loaded shared library C:\Program Files\Java\jdk-21\bin\java.dll
Event: 0.047 Loaded shared library C:\Program Files\Java\jdk-21\bin\jsvml.dll
Event: 0.072 Loaded shared library C:\Program Files\Java\jdk-21\bin\net.dll
Event: 0.073 Loaded shared library C:\Program Files\Java\jdk-21\bin\nio.dll
Event: 0.091 Loaded shared library C:\Program Files\Java\jdk-21\bin\zip.dll
Event: 0.146 Loaded shared library C:\Program Files\Java\jdk-21\bin\jimage.dll
Event: 0.166 Loaded shared library C:\Program Files\Java\jdk-21\bin\awt.dll
Event: 0.905 Loaded shared library C:\Program Files\Java\jdk-21\bin\freetype.dll
Event: 0.906 Loaded shared library C:\Program Files\Java\jdk-21\bin\fontmanager.dll
Event: 18.488 Loaded shared library C:\Program Files\Java\jdk-21\bin\extnet.dll
Event: 18.594 Loaded shared library C:\Program Files\Java\jdk-21\bin\sunmscapi.dll
Event: 22.337 Loaded shared library C:\Program Files\Java\jdk-21\bin\javajpeg.dll

Deoptimization events (20 events):
Event: 18.788 Thread 0x00000253e1da9010 DEOPT PACKING pc=0x000002538feb9e38 sp=0x000000dc96cfb530
Event: 18.788 Thread 0x00000253e1da9010 DEOPT UNPACKING pc=0x000002538f917da2 sp=0x000000dc96cfb468 mode 2
Event: 18.804 Thread 0x00000253e1da9010 Uncommon trap: trap_request=0xffffff45 fr.pc=0x000002538fe88130 relative=0x0000000000000190
Event: 18.804 Thread 0x00000253e1da9010 Uncommon trap: reason=unstable_if action=reinterpret pc=0x000002538fe88130 method=jdk.internal.util.ArraysSupport.vectorizedHashCode(Ljava/lang/Object;IIII)I @ 2 c2
Event: 18.804 Thread 0x00000253e1da9010 DEOPT PACKING pc=0x000002538fe88130 sp=0x000000dc96cfb470
Event: 18.804 Thread 0x00000253e1da9010 DEOPT UNPACKING pc=0x000002538f917da2 sp=0x000000dc96cfb420 mode 2
Event: 19.261 Thread 0x00000253e1da9010 DEOPT PACKING pc=0x000002538850054e sp=0x000000dc96cfd140
Event: 19.261 Thread 0x00000253e1da9010 DEOPT UNPACKING pc=0x000002538f9188e2 sp=0x000000dc96cfc5b8 mode 0
Event: 19.540 Thread 0x00000253e1da9010 Uncommon trap: trap_request=0xffffff45 fr.pc=0x000002538fe6a748 relative=0x00000000000000a8
Event: 19.540 Thread 0x00000253e1da9010 Uncommon trap: reason=unstable_if action=reinterpret pc=0x000002538fe6a748 method=java.lang.String.isLatin1()Z @ 10 c2
Event: 19.540 Thread 0x00000253e1da9010 DEOPT PACKING pc=0x000002538fe6a748 sp=0x000000dc96cfd470
Event: 19.540 Thread 0x00000253e1da9010 DEOPT UNPACKING pc=0x000002538f917da2 sp=0x000000dc96cfd3a0 mode 2
Event: 19.566 Thread 0x00000253e1da9010 Uncommon trap: trap_request=0xffffff45 fr.pc=0x000002538ff3970c relative=0x000000000000042c
Event: 19.566 Thread 0x00000253e1da9010 Uncommon trap: reason=unstable_if action=reinterpret pc=0x000002538ff3970c method=java.lang.Character.isSurrogate(C)Z @ 3 c2
Event: 19.566 Thread 0x00000253e1da9010 DEOPT PACKING pc=0x000002538ff3970c sp=0x000000dc96cfd000
Event: 19.566 Thread 0x00000253e1da9010 DEOPT UNPACKING pc=0x000002538f917da2 sp=0x000000dc96cfcf18 mode 2
Event: 22.398 Thread 0x00000253e2602e20 Uncommon trap: trap_request=0xffffff45 fr.pc=0x000002538ff4c1f4 relative=0x0000000000001214
Event: 22.398 Thread 0x00000253e2602e20 Uncommon trap: reason=unstable_if action=reinterpret pc=0x000002538ff4c1f4 method=java.awt.image.ReplicateScaleFilter.setPixels(IIIILjava/awt/image/ColorModel;[III)V @ 4 c2
Event: 22.398 Thread 0x00000253e2602e20 DEOPT PACKING pc=0x000002538ff4c1f4 sp=0x000000dc978fe6c0
Event: 22.398 Thread 0x00000253e2602e20 DEOPT UNPACKING pc=0x000002538f917da2 sp=0x000000dc978fe5c8 mode 2

Classes loaded (20 events):
Event: 25.025 Loading class javax/swing/DefaultSingleSelectionModel
Event: 25.025 Loading class javax/swing/SingleSelectionModel
Event: 25.025 Loading class javax/swing/SingleSelectionModel done
Event: 25.025 Loading class javax/swing/DefaultSingleSelectionModel done
Event: 25.026 Loading class javax/swing/JTabbedPane$ModelListener
Event: 25.026 Loading class javax/swing/JTabbedPane$ModelListener done
Event: 25.026 Loading class javax/swing/plaf/metal/MetalTabbedPaneUI
Event: 25.037 Loading class javax/swing/plaf/basic/BasicTabbedPaneUI
Event: 25.038 Loading class javax/swing/plaf/TabbedPaneUI
Event: 25.039 Loading class javax/swing/plaf/TabbedPaneUI done
Event: 25.039 Loading class javax/swing/plaf/basic/BasicTabbedPaneUI done
Event: 25.039 Loading class javax/swing/plaf/metal/MetalTabbedPaneUI done
Event: 25.040 Loading class javax/swing/plaf/metal/MetalTabbedPaneUI$TabbedPaneLayout
Event: 25.040 Loading class javax/swing/plaf/basic/BasicTabbedPaneUI$TabbedPaneLayout
Event: 25.041 Loading class javax/swing/plaf/basic/BasicTabbedPaneUI$TabbedPaneLayout done
Event: 25.041 Loading class javax/swing/plaf/metal/MetalTabbedPaneUI$TabbedPaneLayout done
Event: 25.041 Loading class javax/swing/plaf/basic/BasicTabbedPaneUI$TabbedPaneScrollLayout
Event: 25.042 Loading class javax/swing/plaf/basic/BasicTabbedPaneUI$TabbedPaneScrollLayout done
Event: 25.042 Loading class javax/swing/plaf/basic/BasicTabbedPaneUI$Handler
Event: 25.043 Loading class javax/swing/plaf/basic/BasicTabbedPaneUI$Handler done

Classes unloaded (0 events):
No events

Classes redefined (0 events):
No events

Internal exceptions (20 events):
Event: 0.177 Thread 0x00000253fb437600 Exception <a 'java/io/FileNotFoundException'{0x000000008b1dd530}> (0x000000008b1dd530) 
thrown [s\open\src\hotspot\share\prims\jni.cpp, line 520]
Event: 0.182 Thread 0x00000253fb437600 Exception <a 'java/io/FileNotFoundException'{0x000000008b007d70}> (0x000000008b007d70) 
thrown [s\open\src\hotspot\share\prims\jni.cpp, line 520]
Event: 0.235 Thread 0x00000253fb437600 Exception <a 'java/lang/NoSuchMethodError'{0x000000008af24258}: 'void java.lang.invoke.DirectMethodHandle$Holder.invokeSpecial(java.lang.Object, java.lang.Object, java.lang.Object)'> (0x000000008af24258) 
thrown [s\open\src\hotspot\share\interpreter\linkResolver.cpp, line 773]
Event: 0.240 Thread 0x00000253fb437600 Exception <a 'java/lang/NoSuchMethodError'{0x000000008af49b78}: 'java.lang.Object java.lang.invoke.DirectMethodHandle$Holder.newInvokeSpecial(java.lang.Object, java.lang.Object, java.lang.Object, java.lang.Object, java.lang.Object)'> (0x000000008af49b78) 
thrown [s\open\src\hotspot\share\interpreter\linkResolver.cpp, line 773]
Event: 0.245 Thread 0x00000253fb437600 Exception <a 'java/lang/NoSuchMethodError'{0x000000008af758a8}: 'java.lang.Object java.lang.invoke.DirectMethodHandle$Holder.invokeStatic(java.lang.Object, int, java.lang.Object)'> (0x000000008af758a8) 
thrown [s\open\src\hotspot\share\interpreter\linkResolver.cpp, line 773]
Event: 0.264 Thread 0x00000253fb437600 Exception <a 'java/lang/ClassNotFoundException'{0x000000008ae8aff8}: com/sun/swing/internal/plaf/metal/resources/spi/metalProvider> (0x000000008ae8aff8) 
thrown [s\open\src\hotspot\share\classfile\systemDictionary.cpp, line 312]
Event: 0.265 Thread 0x00000253fb437600 Exception <a 'java/lang/ClassNotFoundException'{0x000000008ae8ef58}: com/sun/swing/internal/plaf/basic/resources/spi/basicProvider> (0x000000008ae8ef58) 
thrown [s\open\src\hotspot\share\classfile\systemDictionary.cpp, line 312]
Event: 0.271 Thread 0x00000253fb437600 Exception <a 'java/lang/NoSuchMethodError'{0x000000008aeae128}: 'int java.lang.invoke.Invokers$Holder.invokeExact_MT(java.lang.Object, java.lang.Object)'> (0x000000008aeae128) 
thrown [s\open\src\hotspot\share\interpreter\linkResolver.cpp, line 773]
Event: 0.393 Thread 0x000002539b7a1fa0 Exception <a 'java/lang/NoSuchMethodError'{0x000000008ac91f50}: 'java.lang.Object java.lang.invoke.DirectMethodHandle$Holder.newInvokeSpecial(java.lang.Object, java.lang.Object, java.lang.Object, int, int, int, int, int)'> (0x000000008ac91f50) 
thrown [s\open\src\hotspot\share\interpreter\linkResolver.cpp, line 773]
Event: 0.886 Thread 0x000002539b72b670 Exception <a 'java/lang/NoSuchMethodError'{0x000000008af85060}: 'void java.lang.invoke.DirectMethodHandle$Holder.invokeVirtual(java.lang.Object, java.lang.Object)'> (0x000000008af85060) 
thrown [s\open\src\hotspot\share\interpreter\linkResolver.cpp, line 773]
Event: 0.900 Thread 0x00000253fb437600 Exception <a 'java/lang/NoSuchMethodError'{0x0000000089d01dd0}: 'void java.lang.invoke.DirectMethodHandle$Holder.invokeStaticInit(java.lang.Object)'> (0x0000000089d01dd0) 
thrown [s\open\src\hotspot\share\interpreter\linkResolver.cpp, line 773]
Event: 18.312 Thread 0x00000253e1da9010 Exception <a 'java/lang/NoSuchMethodError'{0x000000008b102788}: 'void java.lang.invoke.DirectMethodHandle$Holder.invokeStatic(java.lang.Object, java.lang.Object)'> (0x000000008b102788) 
thrown [s\open\src\hotspot\share\interpreter\linkResolver.cpp, line 773]
Event: 18.356 Thread 0x00000253e1da9010 Exception <a 'java/lang/NoSuchMethodError'{0x000000008b1c9018}: 'java.lang.Object java.lang.invoke.DirectMethodHandle$Holder.invokeInterface(java.lang.Object, java.lang.Object)'> (0x000000008b1c9018) 
thrown [s\open\src\hotspot\share\interpreter\linkResolver.cpp, line 773]
Event: 18.380 Thread 0x00000253e1da9010 Exception <a 'java/lang/NoSuchMethodError'{0x000000008b03fe00}: 'void java.lang.invoke.DirectMethodHandle$Holder.invokeStatic(java.lang.Object, java.lang.Object, java.lang.Object)'> (0x000000008b03fe00) 
thrown [s\open\src\hotspot\share\interpreter\linkResolver.cpp, line 773]
Event: 18.382 Thread 0x00000253e1da9010 Exception <a 'java/lang/NoSuchMethodError'{0x000000008b048d98}: 'java.lang.Object java.lang.invoke.DirectMethodHandle$Holder.invokeVirtual(java.lang.Object, java.lang.Object, java.lang.Object)'> (0x000000008b048d98) 
thrown [s\open\src\hotspot\share\interpreter\linkResolver.cpp, line 773]
Event: 18.547 Thread 0x00000253e1da9010 Exception <a 'java/lang/NoSuchMethodError'{0x000000008acf92e0}: 'void java.lang.invoke.DirectMethodHandle$Holder.invokeStaticInit(java.lang.Object, java.lang.Object)'> (0x000000008acf92e0) 
thrown [s\open\src\hotspot\share\interpreter\linkResolver.cpp, line 773]
Event: 18.636 Thread 0x00000253e1da9010 Exception <a 'sun/nio/fs/WindowsException'{0x000000008aa4ff30}> (0x000000008aa4ff30) 
thrown [s\open\src\hotspot\share\prims\jni.cpp, line 520]
Event: 18.692 Thread 0x00000253e1da9010 Exception <a 'java/lang/NoSuchMethodError'{0x000000008aafcce8}: 'java.lang.Object java.lang.invoke.DirectMethodHandle$Holder.invokeStaticInit(java.lang.Object, int, int, int, int)'> (0x000000008aafcce8) 
thrown [s\open\src\hotspot\share\interpreter\linkResolver.cpp, line 773]
Event: 18.759 Thread 0x00000253e1da9010 Exception <a 'java/lang/NoSuchMethodError'{0x000000008a99a378}: 'java.lang.Object java.lang.invoke.DirectMethodHandle$Holder.invokeStaticInit(java.lang.Object, java.lang.Object, int, int, int, int)'> (0x000000008a99a378) 
thrown [s\open\src\hotspot\share\interpreter\linkResolver.cpp, line 773]
Event: 22.398 Thread 0x00000253e2602e20 Implicit null exception at 0x000002538ff4b2e1 to 0x000002538ff4c1a8

ZGC Phase Switch (0 events):
No events

VM Operations (20 events):
Event: 22.371 Executing VM operation: G1CollectForAllocation (G1 Evacuation Pause) done
Event: 22.443 Executing VM operation: G1TryInitiateConcMark (G1 Humongous Allocation)
Event: 22.447 Executing VM operation: G1TryInitiateConcMark (G1 Humongous Allocation) done
Event: 22.522 Executing VM operation: G1CollectForAllocation (G1 Evacuation Pause)
Event: 22.527 Executing VM operation: G1CollectForAllocation (G1 Evacuation Pause) done
Event: 22.609 Executing VM operation: G1CollectForAllocation (G1 Evacuation Pause)
Event: 22.612 Executing VM operation: G1CollectForAllocation (G1 Evacuation Pause) done
Event: 22.617 Executing VM operation: G1PauseRemark
Event: 22.619 Executing VM operation: G1PauseRemark done
Event: 22.621 Executing VM operation: G1PauseCleanup
Event: 22.622 Executing VM operation: G1PauseCleanup done
Event: 23.629 Executing VM operation: Cleanup
Event: 23.629 Executing VM operation: Cleanup done
Event: 24.641 Executing VM operation: Cleanup
Event: 24.641 Executing VM operation: Cleanup done
Event: 25.107 Executing VM operation: G1CollectForAllocation (G1 Evacuation Pause)
Event: 25.109 Executing VM operation: G1CollectForAllocation (G1 Evacuation Pause) done
Event: 25.187 Executing VM operation: G1CollectForAllocation (G1 Evacuation Pause)
Event: 25.190 Executing VM operation: G1CollectForAllocation (G1 Evacuation Pause) done
Event: 25.289 Executing VM operation: G1CollectForAllocation (G1 Evacuation Pause)

Events (20 events):
Event: 0.044 Thread 0x00000253fec6bfb0 Thread added: 0x00000253fec6bfb0
Event: 0.044 Thread 0x00000253fec72ef0 Thread added: 0x00000253fec72ef0
Event: 0.063 Thread 0x000002539b4cf980 Thread added: 0x000002539b4cf980
Event: 0.086 Thread 0x000002539b55a1d0 Thread added: 0x000002539b55a1d0
Event: 0.215 Thread 0x000002539b749200 Thread added: 0x000002539b749200
Event: 0.215 Thread 0x000002539b74c330 Thread added: 0x000002539b74c330
Event: 0.216 Thread 0x000002539b72b670 Thread added: 0x000002539b72b670
Event: 0.288 Thread 0x000002539b7a1fa0 Thread added: 0x000002539b7a1fa0
Event: 0.885 Thread 0x00000253e1da9010 Thread added: 0x00000253e1da9010
Event: 0.976 Thread 0x00000253fb437600 Thread exited: 0x00000253fb437600
Event: 0.976 Thread 0x00000253fb437600 Thread added: 0x00000253fb437600
Event: 1.041 Thread 0x00000253e1bbbe30 Thread added: 0x00000253e1bbbe30
Event: 5.797 Thread 0x000002539b7a1fa0 Thread exited: 0x000002539b7a1fa0
Event: 18.313 Thread 0x00000253fb692750 Thread added: 0x00000253fb692750
Event: 18.368 Thread 0x00000253fec735c0 Thread added: 0x00000253fec735c0
Event: 19.134 Thread 0x00000253e1a24c30 Thread added: 0x00000253e1a24c30
Event: 19.182 Thread 0x00000253fec735c0 Thread exited: 0x00000253fec735c0
Event: 22.323 Thread 0x00000253e2602e20 Thread added: 0x00000253e2602e20
Event: 22.644 Thread 0x00000253e2602100 Thread added: 0x00000253e2602100
Event: 22.854 Thread 0x00000253e1a24c30 Thread exited: 0x00000253e1a24c30


Dynamic libraries:
0x00007ff7b2210000 - 0x00007ff7b2220000 	C:\Program Files\Java\jdk-21\bin\java.exe
0x00007ff949a50000 - 0x00007ff949c67000 	C:\WINDOWS\SYSTEM32\ntdll.dll
0x00007ff948570000 - 0x00007ff948634000 	C:\WINDOWS\System32\KERNEL32.DLL
0x00007ff947210000 - 0x00007ff9475b7000 	C:\WINDOWS\System32\KERNELBASE.dll
0x00007ff946d70000 - 0x00007ff946e81000 	C:\WINDOWS\System32\ucrtbase.dll
0x00007ff9439f0000 - 0x00007ff943a0b000 	C:\Program Files\Java\jdk-21\bin\VCRUNTIME140.dll
0x00007ff93c4f0000 - 0x00007ff93c509000 	C:\Program Files\Java\jdk-21\bin\jli.dll
0x00007ff948490000 - 0x00007ff948542000 	C:\WINDOWS\System32\ADVAPI32.dll
0x00007ff9479e0000 - 0x00007ff947a87000 	C:\WINDOWS\System32\msvcrt.dll
0x00007ff949960000 - 0x00007ff949a08000 	C:\WINDOWS\System32\sechost.dll
0x00007ff947160000 - 0x00007ff947188000 	C:\WINDOWS\System32\bcrypt.dll
0x00007ff949630000 - 0x00007ff949745000 	C:\WINDOWS\System32\RPCRT4.dll
0x00007ff9482e0000 - 0x00007ff94848e000 	C:\WINDOWS\System32\USER32.dll
0x00007ff947130000 - 0x00007ff947156000 	C:\WINDOWS\System32\win32u.dll
0x00007ff92e520000 - 0x00007ff92e7b3000 	C:\WINDOWS\WinSxS\amd64_microsoft.windows.common-controls_6595b64144ccf1df_6.0.22621.3527_none_270e469b73872a76\COMCTL32.dll
0x00007ff948c70000 - 0x00007ff948c99000 	C:\WINDOWS\System32\GDI32.dll
0x00007ff947660000 - 0x00007ff947779000 	C:\WINDOWS\System32\gdi32full.dll
0x00007ff9475c0000 - 0x00007ff94765a000 	C:\WINDOWS\System32\msvcp_win.dll
0x00007ff93a430000 - 0x00007ff93a43a000 	C:\WINDOWS\SYSTEM32\VERSION.dll
0x00007ff9495f0000 - 0x00007ff949621000 	C:\WINDOWS\System32\IMM32.DLL
0x00007ff943a40000 - 0x00007ff943a4c000 	C:\Program Files\Java\jdk-21\bin\vcruntime140_1.dll
0x00007ff92eb70000 - 0x00007ff92ebfe000 	C:\Program Files\Java\jdk-21\bin\msvcp140.dll
0x00007ff8eaa60000 - 0x00007ff8eb775000 	C:\Program Files\Java\jdk-21\bin\server\jvm.dll
0x00007ff948bf0000 - 0x00007ff948c61000 	C:\WINDOWS\System32\WS2_32.dll
0x00007ff946c30000 - 0x00007ff946c7d000 	C:\WINDOWS\SYSTEM32\POWRPROF.dll
0x00007ff93aba0000 - 0x00007ff93abd4000 	C:\WINDOWS\SYSTEM32\WINMM.dll
0x00007ff946b60000 - 0x00007ff946b73000 	C:\WINDOWS\SYSTEM32\UMPDC.dll
0x00007ff945cf0000 - 0x00007ff945d08000 	C:\WINDOWS\SYSTEM32\kernel.appcore.dll
0x00007ff9439d0000 - 0x00007ff9439da000 	C:\Program Files\Java\jdk-21\bin\jimage.dll
0x00007ff9446f0000 - 0x00007ff944923000 	C:\WINDOWS\SYSTEM32\DBGHELP.DLL
0x00007ff948710000 - 0x00007ff948a98000 	C:\WINDOWS\System32\combase.dll
0x00007ff948ca0000 - 0x00007ff948d77000 	C:\WINDOWS\System32\OLEAUT32.dll
0x00007ff928ad0000 - 0x00007ff928b02000 	C:\WINDOWS\SYSTEM32\dbgcore.DLL
0x00007ff947190000 - 0x00007ff947209000 	C:\WINDOWS\System32\bcryptPrimitives.dll
0x00007ff936dc0000 - 0x00007ff936ddf000 	C:\Program Files\Java\jdk-21\bin\java.dll
0x00007ff948d80000 - 0x00007ff9495dc000 	C:\WINDOWS\System32\SHELL32.dll
0x00007ff944c60000 - 0x00007ff945556000 	C:\WINDOWS\SYSTEM32\windows.storage.dll
0x00007ff944b20000 - 0x00007ff944c5e000 	C:\WINDOWS\SYSTEM32\wintypes.dll
0x00007ff947780000 - 0x00007ff947875000 	C:\WINDOWS\System32\SHCORE.dll
0x00007ff949900000 - 0x00007ff94995e000 	C:\WINDOWS\System32\shlwapi.dll
0x00007ff946ca0000 - 0x00007ff946cc1000 	C:\WINDOWS\SYSTEM32\profapi.dll
0x00007ff92f8b0000 - 0x00007ff92f987000 	C:\Program Files\Java\jdk-21\bin\jsvml.dll
0x00007ff941a20000 - 0x00007ff941a30000 	C:\Program Files\Java\jdk-21\bin\net.dll
0x00007ff940280000 - 0x00007ff9403b6000 	C:\WINDOWS\SYSTEM32\WINHTTP.dll
0x00007ff9461b0000 - 0x00007ff946219000 	C:\WINDOWS\system32\mswsock.dll
0x00007ff936da0000 - 0x00007ff936db6000 	C:\Program Files\Java\jdk-21\bin\nio.dll
0x00007ff936b90000 - 0x00007ff936ba8000 	C:\Program Files\Java\jdk-21\bin\zip.dll
0x00007ff905840000 - 0x00007ff9059cf000 	C:\Program Files\Java\jdk-21\bin\awt.dll
0x00007ff943a90000 - 0x00007ff943b27000 	C:\WINDOWS\SYSTEM32\apphelp.dll
0x00007ff944180000 - 0x00007ff9441ab000 	C:\WINDOWS\system32\DWMAPI.DLL
0x00007ff943e30000 - 0x00007ff943edb000 	C:\WINDOWS\system32\uxtheme.dll
0x00007ff929270000 - 0x00007ff929370000 	C:\WINDOWS\system32\opengl32.dll
0x00007ff929240000 - 0x00007ff92926d000 	C:\WINDOWS\SYSTEM32\GLU32.dll
0x00007ff944020000 - 0x00007ff944059000 	C:\WINDOWS\SYSTEM32\dxcore.dll
0x00007ff947880000 - 0x00007ff9479d3000 	C:\WINDOWS\System32\MSCTF.dll
0x00007ff949750000 - 0x00007ff9498f5000 	C:\WINDOWS\System32\ole32.dll
0x00007ff92e840000 - 0x00007ff92e8c7000 	C:\Program Files\Java\jdk-21\bin\freetype.dll
0x00007ff92e320000 - 0x00007ff92e3f3000 	C:\Program Files\Java\jdk-21\bin\fontmanager.dll
0x00007ff948640000 - 0x00007ff9486f0000 	C:\WINDOWS\System32\clbcatq.dll
0x00007ff942a80000 - 0x00007ff942c30000 	C:\WINDOWS\SYSTEM32\WindowsCodecs.dll
0x00007ff918530000 - 0x00007ff91858e000 	C:\WINDOWS\system32\dataexchange.dll
0x00007ff93b8e0000 - 0x00007ff93bb6b000 	C:\WINDOWS\system32\twinapi.appcore.dll
0x00007ff9344c0000 - 0x00007ff93460b000 	C:\WINDOWS\SYSTEM32\textinputframework.dll
0x00007ff9436b0000 - 0x00007ff9437e3000 	C:\WINDOWS\SYSTEM32\CoreMessaging.dll
0x00007ff93fab0000 - 0x00007ff93fe1c000 	C:\WINDOWS\SYSTEM32\CoreUIComponents.dll
0x00007ff9463c0000 - 0x00007ff9463cc000 	C:\WINDOWS\SYSTEM32\CRYPTBASE.DLL
0x00007ff9457f0000 - 0x00007ff9458e9000 	C:\WINDOWS\SYSTEM32\DNSAPI.dll
0x00007ff9457c0000 - 0x00007ff9457ed000 	C:\WINDOWS\SYSTEM32\IPHLPAPI.DLL
0x00007ff9482d0000 - 0x00007ff9482d9000 	C:\WINDOWS\System32\NSI.dll
0x00007ff940580000 - 0x00007ff94058a000 	C:\Windows\System32\rasadhlp.dll
0x00007ff93a260000 - 0x00007ff93a2e3000 	C:\WINDOWS\System32\fwpuclnt.dll
0x00007ff93c4e0000 - 0x00007ff93c4e7000 	C:\Program Files\Java\jdk-21\bin\extnet.dll
0x00007ff93c510000 - 0x00007ff93c51e000 	C:\Program Files\Java\jdk-21\bin\sunmscapi.dll
0x00007ff946e90000 - 0x00007ff946ff7000 	C:\WINDOWS\System32\CRYPT32.dll
0x00007ff946620000 - 0x00007ff94664e000 	C:\WINDOWS\SYSTEM32\ncrypt.dll
0x00007ff9465e0000 - 0x00007ff946617000 	C:\WINDOWS\SYSTEM32\NTASN1.dll
0x00007ff946450000 - 0x00007ff94646b000 	C:\WINDOWS\SYSTEM32\CRYPTSP.dll
0x00007ff945cb0000 - 0x00007ff945ce5000 	C:\WINDOWS\system32\rsaenh.dll
0x00007ff946260000 - 0x00007ff946288000 	C:\WINDOWS\SYSTEM32\USERENV.dll
0x00007ff937090000 - 0x00007ff9370be000 	C:\Program Files\Java\jdk-21\bin\javajpeg.dll

dbghelp: loaded successfully - version: 4.0.5 - missing functions: none
symbol engine: initialized successfully - sym options: 0x614 - pdb path: .;C:\Program Files\Java\jdk-21\bin;C:\WINDOWS\SYSTEM32;C:\WINDOWS\WinSxS\amd64_microsoft.windows.common-controls_6595b64144ccf1df_6.0.22621.3527_none_270e469b73872a76;C:\Program Files\Java\jdk-21\bin\server

VM Arguments:
jvm_args: -Dfile.encoding=UTF-8 --module-path=D:\Travel Managment System\build\classes 
java_command: travel.managment.system.Login
java_class_path (initial): C:\Users\Sourabh\Downloads\mysql-connector-java-8.0.28.jar;C:\Users\Sourabh\Downloads\jcalendar-1.4\lib\jcalendar-1.4.jar;D:\Travel Managment System\build\classes
Launcher Type: SUN_STANDARD

[Global flags]
     intx CICompilerCount                          = 4                                         {product} {ergonomic}
     uint ConcGCThreads                            = 2                                         {product} {ergonomic}
     uint G1ConcRefinementThreads                  = 8                                         {product} {ergonomic}
   size_t G1HeapRegionSize                         = 1048576                                   {product} {ergonomic}
    uintx GCDrainStackTargetSize                   = 64                                        {product} {ergonomic}
   size_t InitialHeapSize                          = 132120576                                 {product} {ergonomic}
   size_t MarkStackSize                            = 4194304                                   {product} {ergonomic}
   size_t MaxHeapSize                              = 2090860544                                {product} {ergonomic}
   size_t MaxNewSize                               = 1254096896                                {product} {ergonomic}
   size_t MinHeapDeltaBytes                        = 1048576                                   {product} {ergonomic}
   size_t MinHeapSize                              = 8388608                                   {product} {ergonomic}
    uintx NonNMethodCodeHeapSize                   = 5839372                                {pd product} {ergonomic}
    uintx NonProfiledCodeHeapSize                  = 122909434                              {pd product} {ergonomic}
    uintx ProfiledCodeHeapSize                     = 122909434                              {pd product} {ergonomic}
    uintx ReservedCodeCacheSize                    = 251658240                              {pd product} {ergonomic}
     bool SegmentedCodeCache                       = true                                      {product} {ergonomic}
   size_t SoftMaxHeapSize                          = 2090860544                             {manageable} {ergonomic}
     bool UseCompressedOops                        = true                           {product lp64_product} {ergonomic}
     bool UseG1GC                                  = true                                      {product} {ergonomic}
     bool UseLargePagesIndividualAllocation        = false                                  {pd product} {ergonomic}

Logging:
Log output configuration:
 #0: stdout all=warning uptime,level,tags foldmultilines=false
 #1: stderr all=off uptime,level,tags foldmultilines=false

Environment Variables:
JAVA_HOME=C:\Program Files\Java\jdk-21
PATH=C:\Program Files\Common Files\Oracle\Java\javapath;C:\WINDOWS\system32;C:\WINDOWS;C:\WINDOWS\System32\Wbem;C:\WINDOWS\System32\WindowsPowerShell\v1.0\;C:\WINDOWS\System32\OpenSSH\;C:\Program Files\Java\jdk-19\bin;C:\MinGW\bin;C:\Program Files\Git\cmd;C:\Program Files\dotnet\;C:\Program Files\Java\jdk-21\bin;C:\Program Files\MATLAB\R2023b\bin;C:\Program Files\MySQL\MySQL Shell 8.0\bin\;C:\Users\Sourabh\AppData\Local\Microsoft\WindowsApps;C:\Users\Sourabh\AppData\Local\Programs\Microsoft VS Code\bin;C:\Users\Sourabh\AppData\Local\GitHubDesktop\bin;C:\Program Files (x86)\Inno Setup 6;
USERNAME=Sourabh
OS=Windows_NT
PROCESSOR_IDENTIFIER=Intel64 Family 6 Model 140 Stepping 1, GenuineIntel
TMP=C:\Users\Sourabh\AppData\Local\Temp
TEMP=C:\Users\Sourabh\AppData\Local\Temp




Periodic native trim disabled

---------------  S Y S T E M  ---------------

OS:
 Windows 11 , 64 bit Build 22621 (10.0.22621.3527)
OS uptime: 6 days 2:30 hours
Hyper-V role detected

CPU: total 8 (initial active 8) (4 cores per cpu, 2 threads per core) family 6 model 140 stepping 1 microcode 0x8a, cx8, cmov, fxsr, ht, mmx, 3dnowpref, sse, sse2, sse3, ssse3, sse4.1, sse4.2, popcnt, lzcnt, tsc, tscinvbit, avx, avx2, aes, erms, clmul, bmi1, bmi2, adx, avx512f, avx512dq, avx512cd, avx512bw, avx512vl, sha, fma, vzeroupper, avx512_vpopcntdq, avx512_vpclmulqdq, avx512_vaes, avx512_vnni, clflush, clflushopt, clwb, avx512_vbmi2, avx512_vbmi, hv, rdtscp, rdpid, fsrm, gfni, avx512_bitalg, f16c, cet_ibt, cet_ss, avx512_ifma
Processor Information for all 8 processors :
  Max Mhz: 2419, Current Mhz: 2419, Mhz Limit: 2419

Memory: 4k page, system-wide physical 7971M (221M free)
TotalPageFile size 32547M (AvailPageFile size 88M)
current process WorkingSet (physical memory assigned to process): 378M, peak: 378M
current process commit charge ("private bytes"): 413M, peak: 542M

vm_info: Java HotSpot(TM) 64-Bit Server VM (21.0.1+12-LTS-29) for windows-amd64 JRE (21.0.1+12-LTS-29), built on 2023-10-05T13:27:09Z by "mach5one" with MS VC++ 17.1 (VS2022)

END.
